#
# There is insufficient memory for the Java Runtime Environment to continue.
# Native memory allocation (malloc) failed to allocate 1075216 bytes for Chunk::new
# Possible reasons:
#   The system is out of physical RAM or swap space
#   The process is running with CompressedOops enabled, and the Java Heap may be blocking the growth of the native heap
# Possible solutions:
#   Reduce memory load on the system
#   Increase physical memory or swap space
#   Check if swap backing store is full
#   Decrease Java heap size (-Xmx/-Xms)
#   Decrease number of Java threads
#   Decrease Java thread stack sizes (-Xss)
#   Set larger code cache with -XX:ReservedCodeCacheSize=
#   JVM is running with Unscaled Compressed Oops mode in which the Java heap is
#     placed in the first 4GB address space. The Java Heap base address is the
#     maximum limit for the native heap growth. Please use -XX:HeapBaseMinAddress
#     to set the Java Heap base and to place the Java Heap above 4GB virtual address.
# This output file may be truncated or incomplete.
#
#  Out of Memory Error (arena.cpp:168), pid=12552, tid=17020
#
# JRE version: Java(TM) SE Runtime Environment (21.0.2+13) (build 21.0.2+13-LTS-58)
# Java VM: Java HotSpot(TM) 64-Bit Server VM (21.0.2+13-LTS-58, mixed mode, sharing, tiered, compressed oops, compressed class ptrs, g1 gc, windows-amd64)
# No core dump will be written. Minidumps are not enabled by default on client versions of Windows
#

---------------  S U M M A R Y ------------

Command Line: -Dclassworlds.conf=C:\SGU\APP\netbeans\java\maven\bin\m2.conf -Dmaven.home=C:\SGU\APP\netbeans\java\maven -Dlibrary.jansi.path=C:\SGU\APP\netbeans\java\maven\lib\jansi-native -Dmaven.multiModuleProjectDirectory=C:\SGU\Nam3_HK2\MoHinhPhanLop\BaiTapLon2\QuanLyThanhVien org.codehaus.plexus.classworlds.launcher.Launcher -Dexec.vmArgs= -Dexec.args=${exec.vmArgs} -classpath %classpath ${exec.mainClass} ${exec.appArgs} -Dexec.executable=C:\Program Files\Java\jdk-21\bin\java.exe -Dexec.mainClass=GUI.MainGUI -Dexec.classpathScope=runtime -Dexec.appArgs= -Dmaven.ext.class.path=C:\SGU\APP\netbeans\java\maven-nblib\netbeans-eventspy.jar --no-transfer-progress process-classes org.codehaus.mojo:exec-maven-plugin:3.1.0:exec

Host: Intel(R) Core(TM) i5-10300H CPU @ 2.50GHz, 8 cores, 7G,  Windows 11 , 64 bit Build 22621 (10.0.22621.3374)
Time: Sun Apr 21 20:02:41 2024 SE Asia Standard Time elapsed time: 1.091109 seconds (0d 0h 0m 1s)

---------------  T H R E A D  ---------------

Current thread (0x00000172061e26a0):  JavaThread "C2 CompilerThread1" daemon [_thread_in_native, id=17020, stack(0x000000253bd00000,0x000000253be00000) (1024K)]


Current CompileTask:
C2:   1091 2719   !   4       java.net.URL::<init> (543 bytes)

Stack: [0x000000253bd00000,0x000000253be00000]
Native frames: (J=compiled Java code, j=interpreted, Vv=VM code, C=native code)
V  [jvm.dll+0x6cade9]
V  [jvm.dll+0x8569c1]
V  [jvm.dll+0x858d2e]
V  [jvm.dll+0x859413]
V  [jvm.dll+0x280e56]
V  [jvm.dll+0xc3f3d]
V  [jvm.dll+0xc4473]
V  [jvm.dll+0x3b5bf2]
V  [jvm.dll+0x382855]
V  [jvm.dll+0x381cca]
V  [jvm.dll+0x249bd0]
V  [jvm.dll+0x2491b1]
V  [jvm.dll+0x1c9634]
V  [jvm.dll+0x258859]
V  [jvm.dll+0x256e3a]
V  [jvm.dll+0x3ef6c6]
V  [jvm.dll+0x7ff568]
V  [jvm.dll+0x6c953d]
C  [ucrtbase.dll+0x29333]
C  [KERNEL32.DLL+0x1257d]
C  [ntdll.dll+0x5aa48]


---------------  P R O C E S S  ---------------

Threads class SMR info:
_java_thread_list=0x00000172061d8290, length=12, elements={
0x00000171a1ca2990, 0x00000171c069df10, 0x00000171c069e970, 0x00000171c06a19e0,
0x00000171c06a4b10, 0x00000171c06a7d20, 0x00000171c06ab0a0, 0x00000171c06b4480,
0x00000171c06d4f30, 0x00000171c09335a0, 0x00000171c0937630, 0x00000172061e26a0
}

Java Threads: ( => current thread )
  0x00000171a1ca2990 JavaThread "main"                              [_thread_in_vm, id=15940, stack(0x000000253ab00000,0x000000253ac00000) (1024K)]
  0x00000171c069df10 JavaThread "Reference Handler"          daemon [_thread_blocked, id=13852, stack(0x000000253b300000,0x000000253b400000) (1024K)]
  0x00000171c069e970 JavaThread "Finalizer"                  daemon [_thread_blocked, id=22676, stack(0x000000253b400000,0x000000253b500000) (1024K)]
  0x00000171c06a19e0 JavaThread "Signal Dispatcher"          daemon [_thread_blocked, id=12548, stack(0x000000253b500000,0x000000253b600000) (1024K)]
  0x00000171c06a4b10 JavaThread "Attach Listener"            daemon [_thread_blocked, id=15204, stack(0x000000253b600000,0x000000253b700000) (1024K)]
  0x00000171c06a7d20 JavaThread "Service Thread"             daemon [_thread_blocked, id=13688, stack(0x000000253b700000,0x000000253b800000) (1024K)]
  0x00000171c06ab0a0 JavaThread "Monitor Deflation Thread"   daemon [_thread_blocked, id=10716, stack(0x000000253b800000,0x000000253b900000) (1024K)]
  0x00000171c06b4480 JavaThread "C2 CompilerThread0"         daemon [_thread_in_native, id=15032, stack(0x000000253b900000,0x000000253ba00000) (1024K)]
  0x00000171c06d4f30 JavaThread "C1 CompilerThread0"         daemon [_thread_blocked, id=2424, stack(0x000000253ba00000,0x000000253bb00000) (1024K)]
  0x00000171c09335a0 JavaThread "Notification Thread"        daemon [_thread_blocked, id=17912, stack(0x000000253bb00000,0x000000253bc00000) (1024K)]
  0x00000171c0937630 JavaThread "Common-Cleaner"             daemon [_thread_blocked, id=11164, stack(0x000000253bc00000,0x000000253bd00000) (1024K)]
=>0x00000172061e26a0 JavaThread "C2 CompilerThread1"         daemon [_thread_in_native, id=17020, stack(0x000000253bd00000,0x000000253be00000) (1024K)]
Total: 12

Other Threads:
  0x00000171c067d1b0 VMThread "VM Thread"                           [id=2992, stack(0x000000253b200000,0x000000253b300000) (1024K)]
  0x00000171c0661270 WatcherThread "VM Periodic Task Thread"        [id=10928, stack(0x000000253b100000,0x000000253b200000) (1024K)]
  0x00000171a1e3d7d0 WorkerThread "GC Thread#0"                     [id=24540, stack(0x000000253ac00000,0x000000253ad00000) (1024K)]
  0x000001720618f440 WorkerThread "GC Thread#1"                     [id=6584, stack(0x000000253be00000,0x000000253bf00000) (1024K)]
  0x0000017206e363b0 WorkerThread "GC Thread#2"                     [id=19556, stack(0x000000253bf00000,0x000000253c000000) (1024K)]
  0x0000017206e12aa0 WorkerThread "GC Thread#3"                     [id=804, stack(0x000000253c000000,0x000000253c100000) (1024K)]
  0x0000017206e12e40 WorkerThread "GC Thread#4"                     [id=15408, stack(0x000000253c100000,0x000000253c200000) (1024K)]
  0x0000017206e131e0 WorkerThread "GC Thread#5"                     [id=22728, stack(0x000000253c200000,0x000000253c300000) (1024K)]
  0x0000017206e13d90 WorkerThread "GC Thread#6"                     [id=22304, stack(0x000000253c300000,0x000000253c400000) (1024K)]
  0x0000017206ba51c0 WorkerThread "GC Thread#7"                     [id=12016, stack(0x000000253c400000,0x000000253c500000) (1024K)]
  0x00000171a1e4f380 ConcurrentGCThread "G1 Main Marker"            [id=9916, stack(0x000000253ad00000,0x000000253ae00000) (1024K)]
  0x00000171a1e51540 WorkerThread "G1 Conc#0"                       [id=9816, stack(0x000000253ae00000,0x000000253af00000) (1024K)]
  0x00000171a1eae850 ConcurrentGCThread "G1 Refine#0"               [id=7132, stack(0x000000253af00000,0x000000253b000000) (1024K)]
  0x00000171c05368e0 ConcurrentGCThread "G1 Service"                [id=8252, stack(0x000000253b000000,0x000000253b100000) (1024K)]
Total: 14

Threads with active compile tasks:
C2 CompilerThread0     1104 2792       4       java.util.regex.Pattern$$Lambda/0x800000032::is (9 bytes)
C1 CompilerThread0     1104 2798   !   3       com.google.inject.internal.InjectorImpl::getProvider (57 bytes)
C2 CompilerThread1     1104 2719   !   4       java.net.URL::<init> (543 bytes)
Total: 3

VM state: not at safepoint (normal execution)

VM Mutex/Monitor currently owned by a thread: None

Heap address: 0x0000000082800000, size: 2008 MB, Compressed Oops mode: 32-bit

CDS archive(s) mapped at: [0x00000171c1000000-0x00000171c1c90000-0x00000171c1c90000), size 13172736, SharedBaseAddress: 0x00000171c1000000, ArchiveRelocationMode: 1.
Compressed class space mapped at: 0x00000171c2000000-0x0000017202000000, reserved size: 1073741824
Narrow klass base: 0x00000171c1000000, Narrow klass shift: 0, Narrow klass range: 0x100000000

GC Precious Log:
 CardTable entry size: 512
 Card Set container configuration: InlinePtr #cards 5 size 8 Array Of Cards #cards 12 size 40 Howl #buckets 4 coarsen threshold 1843 Howl Bitmap #cards 512 size 80 coarsen threshold 460 Card regions per heap region 1 cards per card region 2048
 CPUs: 8 total, 8 available
 Memory: 8029M
 Large Page Support: Disabled
 NUMA Support: Disabled
 Compressed Oops: Enabled (32-bit)
 Heap Region Size: 1M
 Heap Min Capacity: 8M
 Heap Initial Capacity: 126M
 Heap Max Capacity: 2008M
 Pre-touch: Disabled
 Parallel Workers: 8
 Concurrent Workers: 2
 Concurrent Refinement Workers: 8
 Periodic GC: Disabled

Heap:
 garbage-first heap   total 129024K, used 24634K [0x0000000082800000, 0x0000000100000000)
  region size 1024K, 22 young (22528K), 3 survivors (3072K)
 Metaspace       used 14646K, committed 14912K, reserved 1114112K
  class space    used 1741K, committed 1856K, reserved 1048576K

Heap Regions: E=young(eden), S=young(survivor), O=old, HS=humongous(starts), HC=humongous(continues), CS=collection set, F=free, TAMS=top-at-mark-start, PB=parsable bottom
|   0|0x0000000082800000, 0x0000000082900000, 0x0000000082900000|100%| O|  |TAMS 0x0000000082800000| PB 0x0000000082800000| Untracked 
|   1|0x0000000082900000, 0x0000000082a00000, 0x0000000082a00000|100%| O|  |TAMS 0x0000000082900000| PB 0x0000000082900000| Untracked 
|   2|0x0000000082a00000, 0x0000000082b00000, 0x0000000082b00000|100%| O|  |TAMS 0x0000000082a00000| PB 0x0000000082a00000| Untracked 
|   3|0x0000000082b00000, 0x0000000082be4958, 0x0000000082c00000| 89%| O|  |TAMS 0x0000000082b00000| PB 0x0000000082b00000| Untracked 
|   4|0x0000000082c00000, 0x0000000082c00000, 0x0000000082d00000|  0%| F|  |TAMS 0x0000000082c00000| PB 0x0000000082c00000| Untracked 
|   5|0x0000000082d00000, 0x0000000082d00000, 0x0000000082e00000|  0%| F|  |TAMS 0x0000000082d00000| PB 0x0000000082d00000| Untracked 
|   6|0x0000000082e00000, 0x0000000082e00000, 0x0000000082f00000|  0%| F|  |TAMS 0x0000000082e00000| PB 0x0000000082e00000| Untracked 
|   7|0x0000000082f00000, 0x0000000082f00000, 0x0000000083000000|  0%| F|  |TAMS 0x0000000082f00000| PB 0x0000000082f00000| Untracked 
|   8|0x0000000083000000, 0x0000000083000000, 0x0000000083100000|  0%| F|  |TAMS 0x0000000083000000| PB 0x0000000083000000| Untracked 
|   9|0x0000000083100000, 0x0000000083100000, 0x0000000083200000|  0%| F|  |TAMS 0x0000000083100000| PB 0x0000000083100000| Untracked 
|  10|0x0000000083200000, 0x0000000083200000, 0x0000000083300000|  0%| F|  |TAMS 0x0000000083200000| PB 0x0000000083200000| Untracked 
|  11|0x0000000083300000, 0x0000000083300000, 0x0000000083400000|  0%| F|  |TAMS 0x0000000083300000| PB 0x0000000083300000| Untracked 
|  12|0x0000000083400000, 0x0000000083400000, 0x0000000083500000|  0%| F|  |TAMS 0x0000000083400000| PB 0x0000000083400000| Untracked 
|  13|0x0000000083500000, 0x0000000083500000, 0x0000000083600000|  0%| F|  |TAMS 0x0000000083500000| PB 0x0000000083500000| Untracked 
|  14|0x0000000083600000, 0x0000000083600000, 0x0000000083700000|  0%| F|  |TAMS 0x0000000083600000| PB 0x0000000083600000| Untracked 
|  15|0x0000000083700000, 0x0000000083700000, 0x0000000083800000|  0%| F|  |TAMS 0x0000000083700000| PB 0x0000000083700000| Untracked 
|  16|0x0000000083800000, 0x0000000083800000, 0x0000000083900000|  0%| F|  |TAMS 0x0000000083800000| PB 0x0000000083800000| Untracked 
|  17|0x0000000083900000, 0x0000000083900000, 0x0000000083a00000|  0%| F|  |TAMS 0x0000000083900000| PB 0x0000000083900000| Untracked 
|  18|0x0000000083a00000, 0x0000000083a00000, 0x0000000083b00000|  0%| F|  |TAMS 0x0000000083a00000| PB 0x0000000083a00000| Untracked 
|  19|0x0000000083b00000, 0x0000000083b00000, 0x0000000083c00000|  0%| F|  |TAMS 0x0000000083b00000| PB 0x0000000083b00000| Untracked 
|  20|0x0000000083c00000, 0x0000000083c00000, 0x0000000083d00000|  0%| F|  |TAMS 0x0000000083c00000| PB 0x0000000083c00000| Untracked 
|  21|0x0000000083d00000, 0x0000000083d00000, 0x0000000083e00000|  0%| F|  |TAMS 0x0000000083d00000| PB 0x0000000083d00000| Untracked 
|  22|0x0000000083e00000, 0x0000000083e00000, 0x0000000083f00000|  0%| F|  |TAMS 0x0000000083e00000| PB 0x0000000083e00000| Untracked 
|  23|0x0000000083f00000, 0x0000000083f00000, 0x0000000084000000|  0%| F|  |TAMS 0x0000000083f00000| PB 0x0000000083f00000| Untracked 
|  24|0x0000000084000000, 0x0000000084000000, 0x0000000084100000|  0%| F|  |TAMS 0x0000000084000000| PB 0x0000000084000000| Untracked 
|  25|0x0000000084100000, 0x0000000084100000, 0x0000000084200000|  0%| F|  |TAMS 0x0000000084100000| PB 0x0000000084100000| Untracked 
|  26|0x0000000084200000, 0x0000000084200000, 0x0000000084300000|  0%| F|  |TAMS 0x0000000084200000| PB 0x0000000084200000| Untracked 
|  27|0x0000000084300000, 0x0000000084300000, 0x0000000084400000|  0%| F|  |TAMS 0x0000000084300000| PB 0x0000000084300000| Untracked 
|  28|0x0000000084400000, 0x0000000084400000, 0x0000000084500000|  0%| F|  |TAMS 0x0000000084400000| PB 0x0000000084400000| Untracked 
|  29|0x0000000084500000, 0x0000000084500000, 0x0000000084600000|  0%| F|  |TAMS 0x0000000084500000| PB 0x0000000084500000| Untracked 
|  30|0x0000000084600000, 0x0000000084600000, 0x0000000084700000|  0%| F|  |TAMS 0x0000000084600000| PB 0x0000000084600000| Untracked 
|  31|0x0000000084700000, 0x0000000084700000, 0x0000000084800000|  0%| F|  |TAMS 0x0000000084700000| PB 0x0000000084700000| Untracked 
|  32|0x0000000084800000, 0x0000000084800000, 0x0000000084900000|  0%| F|  |TAMS 0x0000000084800000| PB 0x0000000084800000| Untracked 
|  33|0x0000000084900000, 0x0000000084900000, 0x0000000084a00000|  0%| F|  |TAMS 0x0000000084900000| PB 0x0000000084900000| Untracked 
|  34|0x0000000084a00000, 0x0000000084a00000, 0x0000000084b00000|  0%| F|  |TAMS 0x0000000084a00000| PB 0x0000000084a00000| Untracked 
|  35|0x0000000084b00000, 0x0000000084b00000, 0x0000000084c00000|  0%| F|  |TAMS 0x0000000084b00000| PB 0x0000000084b00000| Untracked 
|  36|0x0000000084c00000, 0x0000000084c00000, 0x0000000084d00000|  0%| F|  |TAMS 0x0000000084c00000| PB 0x0000000084c00000| Untracked 
|  37|0x0000000084d00000, 0x0000000084d00000, 0x0000000084e00000|  0%| F|  |TAMS 0x0000000084d00000| PB 0x0000000084d00000| Untracked 
|  38|0x0000000084e00000, 0x0000000084e00000, 0x0000000084f00000|  0%| F|  |TAMS 0x0000000084e00000| PB 0x0000000084e00000| Untracked 
|  39|0x0000000084f00000, 0x0000000084f00000, 0x0000000085000000|  0%| F|  |TAMS 0x0000000084f00000| PB 0x0000000084f00000| Untracked 
|  40|0x0000000085000000, 0x0000000085000000, 0x0000000085100000|  0%| F|  |TAMS 0x0000000085000000| PB 0x0000000085000000| Untracked 
|  41|0x0000000085100000, 0x0000000085100000, 0x0000000085200000|  0%| F|  |TAMS 0x0000000085100000| PB 0x0000000085100000| Untracked 
|  42|0x0000000085200000, 0x0000000085200000, 0x0000000085300000|  0%| F|  |TAMS 0x0000000085200000| PB 0x0000000085200000| Untracked 
|  43|0x0000000085300000, 0x0000000085300000, 0x0000000085400000|  0%| F|  |TAMS 0x0000000085300000| PB 0x0000000085300000| Untracked 
|  44|0x0000000085400000, 0x0000000085400000, 0x0000000085500000|  0%| F|  |TAMS 0x0000000085400000| PB 0x0000000085400000| Untracked 
|  45|0x0000000085500000, 0x0000000085500000, 0x0000000085600000|  0%| F|  |TAMS 0x0000000085500000| PB 0x0000000085500000| Untracked 
|  46|0x0000000085600000, 0x0000000085600000, 0x0000000085700000|  0%| F|  |TAMS 0x0000000085600000| PB 0x0000000085600000| Untracked 
|  47|0x0000000085700000, 0x0000000085700000, 0x0000000085800000|  0%| F|  |TAMS 0x0000000085700000| PB 0x0000000085700000| Untracked 
|  48|0x0000000085800000, 0x0000000085800000, 0x0000000085900000|  0%| F|  |TAMS 0x0000000085800000| PB 0x0000000085800000| Untracked 
|  49|0x0000000085900000, 0x0000000085900000, 0x0000000085a00000|  0%| F|  |TAMS 0x0000000085900000| PB 0x0000000085900000| Untracked 
|  50|0x0000000085a00000, 0x0000000085a00000, 0x0000000085b00000|  0%| F|  |TAMS 0x0000000085a00000| PB 0x0000000085a00000| Untracked 
|  51|0x0000000085b00000, 0x0000000085b00000, 0x0000000085c00000|  0%| F|  |TAMS 0x0000000085b00000| PB 0x0000000085b00000| Untracked 
|  52|0x0000000085c00000, 0x0000000085c00000, 0x0000000085d00000|  0%| F|  |TAMS 0x0000000085c00000| PB 0x0000000085c00000| Untracked 
|  53|0x0000000085d00000, 0x0000000085d00000, 0x0000000085e00000|  0%| F|  |TAMS 0x0000000085d00000| PB 0x0000000085d00000| Untracked 
|  54|0x0000000085e00000, 0x0000000085e00000, 0x0000000085f00000|  0%| F|  |TAMS 0x0000000085e00000| PB 0x0000000085e00000| Untracked 
|  55|0x0000000085f00000, 0x0000000085f00000, 0x0000000086000000|  0%| F|  |TAMS 0x0000000085f00000| PB 0x0000000085f00000| Untracked 
|  56|0x0000000086000000, 0x0000000086000000, 0x0000000086100000|  0%| F|  |TAMS 0x0000000086000000| PB 0x0000000086000000| Untracked 
|  57|0x0000000086100000, 0x0000000086100000, 0x0000000086200000|  0%| F|  |TAMS 0x0000000086100000| PB 0x0000000086100000| Untracked 
|  58|0x0000000086200000, 0x0000000086200000, 0x0000000086300000|  0%| F|  |TAMS 0x0000000086200000| PB 0x0000000086200000| Untracked 
|  59|0x0000000086300000, 0x0000000086300000, 0x0000000086400000|  0%| F|  |TAMS 0x0000000086300000| PB 0x0000000086300000| Untracked 
|  60|0x0000000086400000, 0x0000000086400000, 0x0000000086500000|  0%| F|  |TAMS 0x0000000086400000| PB 0x0000000086400000| Untracked 
|  61|0x0000000086500000, 0x0000000086500000, 0x0000000086600000|  0%| F|  |TAMS 0x0000000086500000| PB 0x0000000086500000| Untracked 
|  62|0x0000000086600000, 0x0000000086600000, 0x0000000086700000|  0%| F|  |TAMS 0x0000000086600000| PB 0x0000000086600000| Untracked 
|  63|0x0000000086700000, 0x0000000086700000, 0x0000000086800000|  0%| F|  |TAMS 0x0000000086700000| PB 0x0000000086700000| Untracked 
|  64|0x0000000086800000, 0x0000000086800000, 0x0000000086900000|  0%| F|  |TAMS 0x0000000086800000| PB 0x0000000086800000| Untracked 
|  65|0x0000000086900000, 0x0000000086900000, 0x0000000086a00000|  0%| F|  |TAMS 0x0000000086900000| PB 0x0000000086900000| Untracked 
|  66|0x0000000086a00000, 0x0000000086a00000, 0x0000000086b00000|  0%| F|  |TAMS 0x0000000086a00000| PB 0x0000000086a00000| Untracked 
|  67|0x0000000086b00000, 0x0000000086b00000, 0x0000000086c00000|  0%| F|  |TAMS 0x0000000086b00000| PB 0x0000000086b00000| Untracked 
|  68|0x0000000086c00000, 0x0000000086c00000, 0x0000000086d00000|  0%| F|  |TAMS 0x0000000086c00000| PB 0x0000000086c00000| Untracked 
|  69|0x0000000086d00000, 0x0000000086d00000, 0x0000000086e00000|  0%| F|  |TAMS 0x0000000086d00000| PB 0x0000000086d00000| Untracked 
|  70|0x0000000086e00000, 0x0000000086e00000, 0x0000000086f00000|  0%| F|  |TAMS 0x0000000086e00000| PB 0x0000000086e00000| Untracked 
|  71|0x0000000086f00000, 0x0000000086f00000, 0x0000000087000000|  0%| F|  |TAMS 0x0000000086f00000| PB 0x0000000086f00000| Untracked 
|  72|0x0000000087000000, 0x0000000087000000, 0x0000000087100000|  0%| F|  |TAMS 0x0000000087000000| PB 0x0000000087000000| Untracked 
|  73|0x0000000087100000, 0x0000000087100000, 0x0000000087200000|  0%| F|  |TAMS 0x0000000087100000| PB 0x0000000087100000| Untracked 
|  74|0x0000000087200000, 0x0000000087200000, 0x0000000087300000|  0%| F|  |TAMS 0x0000000087200000| PB 0x0000000087200000| Untracked 
|  75|0x0000000087300000, 0x0000000087300000, 0x0000000087400000|  0%| F|  |TAMS 0x0000000087300000| PB 0x0000000087300000| Untracked 
|  76|0x0000000087400000, 0x0000000087400000, 0x0000000087500000|  0%| F|  |TAMS 0x0000000087400000| PB 0x0000000087400000| Untracked 
|  77|0x0000000087500000, 0x0000000087500000, 0x0000000087600000|  0%| F|  |TAMS 0x0000000087500000| PB 0x0000000087500000| Untracked 
|  78|0x0000000087600000, 0x0000000087600000, 0x0000000087700000|  0%| F|  |TAMS 0x0000000087600000| PB 0x0000000087600000| Untracked 
|  79|0x0000000087700000, 0x0000000087700000, 0x0000000087800000|  0%| F|  |TAMS 0x0000000087700000| PB 0x0000000087700000| Untracked 
|  80|0x0000000087800000, 0x0000000087800000, 0x0000000087900000|  0%| F|  |TAMS 0x0000000087800000| PB 0x0000000087800000| Untracked 
|  81|0x0000000087900000, 0x0000000087900000, 0x0000000087a00000|  0%| F|  |TAMS 0x0000000087900000| PB 0x0000000087900000| Untracked 
|  82|0x0000000087a00000, 0x0000000087a00000, 0x0000000087b00000|  0%| F|  |TAMS 0x0000000087a00000| PB 0x0000000087a00000| Untracked 
|  83|0x0000000087b00000, 0x0000000087b00000, 0x0000000087c00000|  0%| F|  |TAMS 0x0000000087b00000| PB 0x0000000087b00000| Untracked 
|  84|0x0000000087c00000, 0x0000000087c00000, 0x0000000087d00000|  0%| F|  |TAMS 0x0000000087c00000| PB 0x0000000087c00000| Untracked 
|  85|0x0000000087d00000, 0x0000000087d00000, 0x0000000087e00000|  0%| F|  |TAMS 0x0000000087d00000| PB 0x0000000087d00000| Untracked 
|  86|0x0000000087e00000, 0x0000000087e00000, 0x0000000087f00000|  0%| F|  |TAMS 0x0000000087e00000| PB 0x0000000087e00000| Untracked 
|  87|0x0000000087f00000, 0x0000000087f00000, 0x0000000088000000|  0%| F|  |TAMS 0x0000000087f00000| PB 0x0000000087f00000| Untracked 
|  88|0x0000000088000000, 0x0000000088000000, 0x0000000088100000|  0%| F|  |TAMS 0x0000000088000000| PB 0x0000000088000000| Untracked 
|  89|0x0000000088100000, 0x000000008812a238, 0x0000000088200000| 16%| S|CS|TAMS 0x0000000088100000| PB 0x0000000088100000| Complete 
|  90|0x0000000088200000, 0x0000000088300000, 0x0000000088300000|100%| S|CS|TAMS 0x0000000088200000| PB 0x0000000088200000| Complete 
|  91|0x0000000088300000, 0x0000000088400000, 0x0000000088400000|100%| S|CS|TAMS 0x0000000088300000| PB 0x0000000088300000| Complete 
|  92|0x0000000088400000, 0x0000000088400000, 0x0000000088500000|  0%| F|  |TAMS 0x0000000088400000| PB 0x0000000088400000| Untracked 
|  93|0x0000000088500000, 0x0000000088500000, 0x0000000088600000|  0%| F|  |TAMS 0x0000000088500000| PB 0x0000000088500000| Untracked 
|  94|0x0000000088600000, 0x0000000088600000, 0x0000000088700000|  0%| F|  |TAMS 0x0000000088600000| PB 0x0000000088600000| Untracked 
|  95|0x0000000088700000, 0x0000000088700000, 0x0000000088800000|  0%| F|  |TAMS 0x0000000088700000| PB 0x0000000088700000| Untracked 
|  96|0x0000000088800000, 0x0000000088800000, 0x0000000088900000|  0%| F|  |TAMS 0x0000000088800000| PB 0x0000000088800000| Untracked 
|  97|0x0000000088900000, 0x0000000088900000, 0x0000000088a00000|  0%| F|  |TAMS 0x0000000088900000| PB 0x0000000088900000| Untracked 
|  98|0x0000000088a00000, 0x0000000088a00000, 0x0000000088b00000|  0%| F|  |TAMS 0x0000000088a00000| PB 0x0000000088a00000| Untracked 
|  99|0x0000000088b00000, 0x0000000088b00000, 0x0000000088c00000|  0%| F|  |TAMS 0x0000000088b00000| PB 0x0000000088b00000| Untracked 
| 100|0x0000000088c00000, 0x0000000088c00000, 0x0000000088d00000|  0%| F|  |TAMS 0x0000000088c00000| PB 0x0000000088c00000| Untracked 
| 101|0x0000000088d00000, 0x0000000088d00000, 0x0000000088e00000|  0%| F|  |TAMS 0x0000000088d00000| PB 0x0000000088d00000| Untracked 
| 102|0x0000000088e00000, 0x0000000088e00000, 0x0000000088f00000|  0%| F|  |TAMS 0x0000000088e00000| PB 0x0000000088e00000| Untracked 
| 103|0x0000000088f00000, 0x0000000088f00000, 0x0000000089000000|  0%| F|  |TAMS 0x0000000088f00000| PB 0x0000000088f00000| Untracked 
| 104|0x0000000089000000, 0x0000000089000000, 0x0000000089100000|  0%| F|  |TAMS 0x0000000089000000| PB 0x0000000089000000| Untracked 
| 105|0x0000000089100000, 0x0000000089100000, 0x0000000089200000|  0%| F|  |TAMS 0x0000000089100000| PB 0x0000000089100000| Untracked 
| 106|0x0000000089200000, 0x0000000089200000, 0x0000000089300000|  0%| F|  |TAMS 0x0000000089200000| PB 0x0000000089200000| Untracked 
| 107|0x0000000089300000, 0x00000000893842c8, 0x0000000089400000| 51%| E|  |TAMS 0x0000000089300000| PB 0x0000000089300000| Complete 
| 108|0x0000000089400000, 0x0000000089500000, 0x0000000089500000|100%| E|CS|TAMS 0x0000000089400000| PB 0x0000000089400000| Complete 
| 109|0x0000000089500000, 0x0000000089600000, 0x0000000089600000|100%| E|CS|TAMS 0x0000000089500000| PB 0x0000000089500000| Complete 
| 110|0x0000000089600000, 0x0000000089700000, 0x0000000089700000|100%| E|CS|TAMS 0x0000000089600000| PB 0x0000000089600000| Complete 
| 111|0x0000000089700000, 0x0000000089800000, 0x0000000089800000|100%| E|CS|TAMS 0x0000000089700000| PB 0x0000000089700000| Complete 
| 112|0x0000000089800000, 0x0000000089900000, 0x0000000089900000|100%| E|CS|TAMS 0x0000000089800000| PB 0x0000000089800000| Complete 
| 113|0x0000000089900000, 0x0000000089a00000, 0x0000000089a00000|100%| E|CS|TAMS 0x0000000089900000| PB 0x0000000089900000| Complete 
| 114|0x0000000089a00000, 0x0000000089b00000, 0x0000000089b00000|100%| E|CS|TAMS 0x0000000089a00000| PB 0x0000000089a00000| Complete 
| 115|0x0000000089b00000, 0x0000000089c00000, 0x0000000089c00000|100%| E|CS|TAMS 0x0000000089b00000| PB 0x0000000089b00000| Complete 
| 116|0x0000000089c00000, 0x0000000089d00000, 0x0000000089d00000|100%| E|CS|TAMS 0x0000000089c00000| PB 0x0000000089c00000| Complete 
| 117|0x0000000089d00000, 0x0000000089e00000, 0x0000000089e00000|100%| E|CS|TAMS 0x0000000089d00000| PB 0x0000000089d00000| Complete 
| 118|0x0000000089e00000, 0x0000000089f00000, 0x0000000089f00000|100%| E|CS|TAMS 0x0000000089e00000| PB 0x0000000089e00000| Complete 
| 119|0x0000000089f00000, 0x000000008a000000, 0x000000008a000000|100%| E|CS|TAMS 0x0000000089f00000| PB 0x0000000089f00000| Complete 
| 120|0x000000008a000000, 0x000000008a100000, 0x000000008a100000|100%| E|CS|TAMS 0x000000008a000000| PB 0x000000008a000000| Complete 
| 121|0x000000008a100000, 0x000000008a200000, 0x000000008a200000|100%| E|CS|TAMS 0x000000008a100000| PB 0x000000008a100000| Complete 
| 122|0x000000008a200000, 0x000000008a300000, 0x000000008a300000|100%| E|CS|TAMS 0x000000008a200000| PB 0x000000008a200000| Complete 
| 123|0x000000008a300000, 0x000000008a400000, 0x000000008a400000|100%| E|CS|TAMS 0x000000008a300000| PB 0x000000008a300000| Complete 
| 124|0x000000008a400000, 0x000000008a500000, 0x000000008a500000|100%| E|CS|TAMS 0x000000008a400000| PB 0x000000008a400000| Complete 
| 125|0x000000008a500000, 0x000000008a600000, 0x000000008a600000|100%| E|CS|TAMS 0x000000008a500000| PB 0x000000008a500000| Complete 

Card table byte_map: [0x00000171bb8a0000,0x00000171bbc90000] _byte_map_base: 0x00000171bb48c000

Marking Bits: (CMBitMap*) 0x00000171a1e3dde0
 Bits: [0x00000171bbc90000, 0x00000171bdbf0000)

Polling page: 0x00000171a1eb0000

Metaspace:

Usage:
  Non-class:     12.61 MB used.
      Class:      1.70 MB used.
       Both:     14.31 MB used.

Virtual space:
  Non-class space:       64.00 MB reserved,      12.75 MB ( 20%) committed,  1 nodes.
      Class space:        1.00 GB reserved,       1.81 MB ( <1%) committed,  1 nodes.
             Both:        1.06 GB reserved,      14.56 MB (  1%) committed. 

Chunk freelists:
   Non-Class:  2.70 MB
       Class:  14.02 MB
        Both:  16.72 MB

MaxMetaspaceSize: unlimited
CompressedClassSpaceSize: 1.00 GB
Initial GC threshold: 21.00 MB
Current GC threshold: 21.00 MB
CDS: on
 - commit_granule_bytes: 65536.
 - commit_granule_words: 8192.
 - virtual_space_node_default_size: 8388608.
 - enlarge_chunks_in_place: 1.
 - use_allocation_guard: 0.


Internal statistics:

num_allocs_failed_limit: 0.
num_arena_births: 152.
num_arena_deaths: 0.
num_vsnodes_births: 2.
num_vsnodes_deaths: 0.
num_space_committed: 233.
num_space_uncommitted: 0.
num_chunks_returned_to_freelist: 0.
num_chunks_taken_from_freelist: 625.
num_chunk_merges: 0.
num_chunk_splits: 446.
num_chunks_enlarged: 370.
num_inconsistent_stats: 0.

CodeHeap 'non-profiled nmethods': size=120000Kb used=970Kb max_used=970Kb free=119029Kb
 bounds [0x00000171b3520000, 0x00000171b3790000, 0x00000171baa50000]
CodeHeap 'profiled nmethods': size=120000Kb used=5471Kb max_used=5471Kb free=114528Kb
 bounds [0x00000171aba50000, 0x00000171abfb0000, 0x00000171b2f80000]
CodeHeap 'non-nmethods': size=5760Kb used=1386Kb max_used=1405Kb free=4374Kb
 bounds [0x00000171b2f80000, 0x00000171b31f0000, 0x00000171b3520000]
 total_blobs=3281 nmethods=2798 adapters=387
 compilation: enabled
              stopped_count=0, restarted_count=0
 full_count=0

Compilation events (20 events):
Event: 1.075 Thread 0x00000171c06d4f30 2759       1       org.codehaus.plexus.util.xml.pull.MXParser::getColumnNumber (5 bytes)
Event: 1.076 Thread 0x00000171c06d4f30 nmethod 2759 0x00000171b360e010 code [0x00000171b360e1a0, 0x00000171b360e268]
Event: 1.077 Thread 0x00000171c06d4f30 2760       3       java.lang.invoke.LambdaFormEditor$TransformKey::of (49 bytes)
Event: 1.077 Thread 0x00000171c06d4f30 nmethod 2760 0x00000171abf99210 code [0x00000171abf99420, 0x00000171abf99978]
Event: 1.078 Thread 0x00000171c06b4480 nmethod 2750 0x00000171b360e310 code [0x00000171b360e5c0, 0x00000171b360f360]
Event: 1.078 Thread 0x00000171c06b4480 2755       4       org.codehaus.plexus.util.xml.pull.MXParser::more (106 bytes)
Event: 1.078 Thread 0x00000171c06d4f30 2761       1       com.google.inject.internal.InternalContext::getDependency (5 bytes)
Event: 1.079 Thread 0x00000171c06d4f30 nmethod 2761 0x00000171b360fd10 code [0x00000171b360fea0, 0x00000171b360ff68]
Event: 1.079 Thread 0x00000171c06d4f30 2762   !   3       com.google.inject.internal.FactoryProxy::get (29 bytes)
Event: 1.079 Thread 0x00000171c06d4f30 nmethod 2762 0x00000171abf99b90 code [0x00000171abf99d60, 0x00000171abf9a038]
Event: 1.079 Thread 0x00000171c06d4f30 2763       3       java.util.regex.Pattern::next (33 bytes)
Event: 1.079 Thread 0x00000171c06d4f30 nmethod 2763 0x00000171abf9a190 code [0x00000171abf9a340, 0x00000171abf9a5a8]
Event: 1.079 Thread 0x00000171c06d4f30 2764       3       com.google.common.collect.MapMakerInternalMap$Segment::postReadCleanup (18 bytes)
Event: 1.079 Thread 0x00000171c06d4f30 nmethod 2764 0x00000171abf9a710 code [0x00000171abf9a8e0, 0x00000171abf9ac00]
Event: 1.081 Thread 0x00000171c06b4480 nmethod 2755 0x00000171b3610010 code [0x00000171b3610220, 0x00000171b3610680]
Event: 1.081 Thread 0x00000171c06b4480 2765       4       java.lang.StringLatin1::indexOf (37 bytes)
Event: 1.082 Thread 0x00000171c06b4480 nmethod 2765 0x00000171b3610990 code [0x00000171b3610b20, 0x00000171b3610d28]
Event: 1.083 Thread 0x00000171c06d4f30 2766       3       java.util.Calendar::internalSet (8 bytes)
Event: 1.083 Thread 0x00000171c06d4f30 nmethod 2766 0x00000171abf9ad10 code [0x00000171abf9aec0, 0x00000171abf9aff8]
Event: 1.089 Thread 0x00000171c06d4f30 2767       3       java.lang.PublicMethods$Key::hashCode (19 bytes)

GC Heap History (4 events):
Event: 0.396 GC heap before
{Heap before GC invocations=0 (full 0):
 garbage-first heap   total 129024K, used 22528K [0x0000000082800000, 0x0000000100000000)
  region size 1024K, 23 young (23552K), 0 survivors (0K)
 Metaspace       used 5780K, committed 5952K, reserved 1114112K
  class space    used 667K, committed 768K, reserved 1048576K
}
Event: 0.400 GC heap after
{Heap after GC invocations=1 (full 0):
 garbage-first heap   total 129024K, used 3847K [0x0000000082800000, 0x0000000100000000)
  region size 1024K, 3 young (3072K), 3 survivors (3072K)
 Metaspace       used 5780K, committed 5952K, reserved 1114112K
  class space    used 667K, committed 768K, reserved 1048576K
}
Event: 0.782 GC heap before
{Heap before GC invocations=1 (full 0):
 garbage-first heap   total 129024K, used 35591K [0x0000000082800000, 0x0000000100000000)
  region size 1024K, 34 young (34816K), 3 survivors (3072K)
 Metaspace       used 10840K, committed 10944K, reserved 1114112K
  class space    used 1286K, committed 1344K, reserved 1048576K
}
Event: 0.787 GC heap after
{Heap after GC invocations=2 (full 0):
 garbage-first heap   total 129024K, used 6202K [0x0000000082800000, 0x0000000100000000)
  region size 1024K, 3 young (3072K), 3 survivors (3072K)
 Metaspace       used 10840K, committed 10944K, reserved 1114112K
  class space    used 1286K, committed 1344K, reserved 1048576K
}

Dll operation events (8 events):
Event: 0.004 Loaded shared library C:\Program Files\Java\jdk-21\bin\java.dll
Event: 0.028 Loaded shared library C:\Program Files\Java\jdk-21\bin\jsvml.dll
Event: 0.043 Loaded shared library C:\Program Files\Java\jdk-21\bin\net.dll
Event: 0.044 Loaded shared library C:\Program Files\Java\jdk-21\bin\nio.dll
Event: 0.046 Loaded shared library C:\Program Files\Java\jdk-21\bin\zip.dll
Event: 0.115 Loaded shared library C:\Program Files\Java\jdk-21\bin\jimage.dll
Event: 0.122 Loaded shared library C:\SGU\APP\netbeans\java\maven\lib\jansi-native\Windows\x86_64\jansi.dll
Event: 0.131 Loaded shared library C:\Program Files\Java\jdk-21\bin\verify.dll

Deoptimization events (20 events):
Event: 1.035 Thread 0x00000171a1ca2990 DEOPT PACKING pc=0x00000171b3580f54 sp=0x000000253abfe470
Event: 1.035 Thread 0x00000171a1ca2990 DEOPT UNPACKING pc=0x00000171b2fd46a2 sp=0x000000253abfe450 mode 2
Event: 1.068 Thread 0x00000171a1ca2990 Uncommon trap: trap_request=0xffffff45 fr.pc=0x00000171b352df18 relative=0x00000000000001f8
Event: 1.068 Thread 0x00000171a1ca2990 Uncommon trap: reason=unstable_if action=reinterpret pc=0x00000171b352df18 method=java.lang.String.indexOf(II)I @ 4 c2
Event: 1.068 Thread 0x00000171a1ca2990 DEOPT PACKING pc=0x00000171b352df18 sp=0x000000253abfdee0
Event: 1.068 Thread 0x00000171a1ca2990 DEOPT UNPACKING pc=0x00000171b2fd46a2 sp=0x000000253abfde68 mode 2
Event: 1.068 Thread 0x00000171a1ca2990 Uncommon trap: trap_request=0xffffff45 fr.pc=0x00000171b3550528 relative=0x0000000000000648
Event: 1.068 Thread 0x00000171a1ca2990 Uncommon trap: reason=unstable_if action=reinterpret pc=0x00000171b3550528 method=java.lang.String.substring(II)Ljava/lang/String; @ 31 c2
Event: 1.068 Thread 0x00000171a1ca2990 DEOPT PACKING pc=0x00000171b3550528 sp=0x000000253abfdec0
Event: 1.068 Thread 0x00000171a1ca2990 DEOPT UNPACKING pc=0x00000171b2fd46a2 sp=0x000000253abfde90 mode 2
Event: 1.071 Thread 0x00000171a1ca2990 Uncommon trap: trap_request=0xffffff45 fr.pc=0x00000171b358bc6c relative=0x00000000000005ec
Event: 1.071 Thread 0x00000171a1ca2990 Uncommon trap: reason=unstable_if action=reinterpret pc=0x00000171b358bc6c method=java.lang.String.decodeASCII([BI[CII)I @ 13 c2
Event: 1.071 Thread 0x00000171a1ca2990 DEOPT PACKING pc=0x00000171b358bc6c sp=0x000000253abfdb70
Event: 1.071 Thread 0x00000171a1ca2990 DEOPT UNPACKING pc=0x00000171b2fd46a2 sp=0x000000253abfd998 mode 2
Event: 1.072 Thread 0x00000171a1ca2990 Uncommon trap: trap_request=0xffffff45 fr.pc=0x00000171b360b524 relative=0x0000000000000084
Event: 1.072 Thread 0x00000171a1ca2990 Uncommon trap: reason=unstable_if action=reinterpret pc=0x00000171b360b524 method=org.codehaus.plexus.util.xml.pull.MXParser.isValidCodePoint(I)Z @ 15 c2
Event: 1.072 Thread 0x00000171a1ca2990 DEOPT PACKING pc=0x00000171b360b524 sp=0x000000253abfde20
Event: 1.072 Thread 0x00000171a1ca2990 DEOPT UNPACKING pc=0x00000171b2fd46a2 sp=0x000000253abfddb8 mode 2
Event: 1.080 Thread 0x00000171a1ca2990 DEOPT PACKING pc=0x00000171aba680f8 sp=0x000000253abfd190
Event: 1.080 Thread 0x00000171a1ca2990 DEOPT UNPACKING pc=0x00000171b2fd4e42 sp=0x000000253abfc5b0 mode 0

Classes loaded (20 events):
Event: 1.053 Loading class java/net/URL$ThreadTrackHolder
Event: 1.053 Loading class java/net/URL$ThreadTrackHolder done
Event: 1.053 Loading class jdk/internal/misc/ThreadTracker
Event: 1.053 Loading class jdk/internal/misc/ThreadTracker done
Event: 1.053 Loading class jdk/internal/misc/ThreadTracker$ThreadRef
Event: 1.053 Loading class jdk/internal/misc/ThreadTracker$ThreadRef done
Event: 1.053 Loading class java/net/URL$2
Event: 1.053 Loading class java/net/URL$2 done
Event: 1.053 Loading class java/net/URL$1
Event: 1.053 Loading class java/net/URL$1 done
Event: 1.053 Loading class java/net/spi/URLStreamHandlerProvider
Event: 1.053 Loading class java/net/spi/URLStreamHandlerProvider done
Event: 1.053 Loading class sun/net/www/protocol/https/Handler
Event: 1.053 Loading class sun/net/www/protocol/http/Handler
Event: 1.053 Loading class sun/net/www/protocol/http/Handler done
Event: 1.053 Loading class sun/net/www/protocol/https/Handler done
Event: 1.055 Loading class java/util/regex/Pattern$Pos
Event: 1.055 Loading class java/util/regex/Pattern$Pos done
Event: 1.057 Loading class java/util/ArrayList$SubList$1
Event: 1.057 Loading class java/util/ArrayList$SubList$1 done

Classes unloaded (0 events):
No events

Classes redefined (0 events):
No events

Internal exceptions (20 events):
Event: 0.306 Thread 0x00000171a1ca2990 Exception <a 'java/lang/NoSuchMethodError'{0x000000008977ff10}: 'int java.lang.invoke.DirectMethodHandle$Holder.invokeStatic(java.lang.Object, java.lang.Object, java.lang.Object, java.lang.Object)'> (0x000000008977ff10) 
thrown [s\open\src\hotspot\share\interpreter\linkResolver.cpp, line 773]
Event: 0.306 Thread 0x00000171a1ca2990 Exception <a 'java/lang/NoSuchMethodError'{0x0000000089783590}: 'java.lang.Object java.lang.invoke.Invokers$Holder.invokeExact_MT(java.lang.Object, java.lang.Object, java.lang.Object, java.lang.Object, java.lang.Object, java.lang.Object)'> (0x0000000089783590) 
thrown [s\open\src\hotspot\share\interpreter\linkResolver.cpp, line 773]
Event: 0.308 Thread 0x00000171a1ca2990 Exception <a 'java/lang/NoSuchMethodError'{0x0000000089791bf0}: 'int java.lang.invoke.DirectMethodHandle$Holder.invokeSpecialIFC(java.lang.Object, java.lang.Object, java.lang.Object, java.lang.Object, java.lang.Object)'> (0x0000000089791bf0) 
thrown [s\open\src\hotspot\share\interpreter\linkResolver.cpp, line 773]
Event: 0.333 Thread 0x00000171a1ca2990 Exception <a 'java/lang/NoSuchMethodError'{0x0000000089506288}: 'java.lang.Object java.lang.invoke.DirectMethodHandle$Holder.newInvokeSpecial(java.lang.Object, java.lang.Object, java.lang.Object, java.lang.Object, java.lang.Object)'> (0x0000000089506288) 
thrown [s\open\src\hotspot\share\interpreter\linkResolver.cpp, line 773]
Event: 0.349 Thread 0x00000171a1ca2990 Exception <a 'java/lang/NoSuchMethodError'{0x00000000895f88d8}: 'int java.lang.invoke.DirectMethodHandle$Holder.invokeStaticInit(java.lang.Object, java.lang.Object)'> (0x00000000895f88d8) 
thrown [s\open\src\hotspot\share\interpreter\linkResolver.cpp, line 773]
Event: 0.352 Thread 0x00000171a1ca2990 Exception <a 'java/lang/NoClassDefFoundError'{0x000000008942c2e8}: javax/enterprise/inject/Typed> (0x000000008942c2e8) 
thrown [s\open\src\hotspot\share\classfile\systemDictionary.cpp, line 301]
Event: 0.765 Thread 0x00000171a1ca2990 Exception <a 'java/lang/NoSuchMethodError'{0x00000000885f3440}: 'void java.lang.invoke.DirectMethodHandle$Holder.invokeStaticInit(java.lang.Object, java.lang.Object, java.lang.Object)'> (0x00000000885f3440) 
thrown [s\open\src\hotspot\share\interpreter\linkResolver.cpp, line 773]
Event: 0.768 Thread 0x00000171a1ca2990 Exception <a 'java/lang/ExceptionInInitializerError'{0x000000008841b360}> (0x000000008841b360) 
thrown [s\open\src\hotspot\share\oops\instanceKlass.cpp, line 1180]
Event: 0.790 Thread 0x00000171a1ca2990 Exception <a 'java/lang/NoSuchMethodError'{0x000000008a522c28}: 'long java.lang.invoke.DirectMethodHandle$Holder.invokeStatic(java.lang.Object, java.lang.Object, int)'> (0x000000008a522c28) 
thrown [s\open\src\hotspot\share\interpreter\linkResolver.cpp, line 773]
Event: 0.792 Thread 0x00000171a1ca2990 Exception <a 'java/lang/NoSuchMethodError'{0x000000008a535cc0}: 'java.lang.Object java.lang.invoke.DirectMethodHandle$Holder.invokeStatic(java.lang.Object, java.lang.Object, java.lang.Object, java.lang.Object, int)'> (0x000000008a535cc0) 
thrown [s\open\src\hotspot\share\interpreter\linkResolver.cpp, line 773]
Event: 0.792 Thread 0x00000171a1ca2990 Exception <a 'java/lang/NoSuchMethodError'{0x000000008a53dbd8}: 'java.lang.Object java.lang.invoke.DirectMethodHandle$Holder.invokeSpecial(java.lang.Object, java.lang.Object, java.lang.Object, java.lang.Object, long)'> (0x000000008a53dbd8) 
thrown [s\open\src\hotspot\share\interpreter\linkResolver.cpp, line 773]
Event: 0.793 Thread 0x00000171a1ca2990 Exception <a 'java/lang/NoSuchMethodError'{0x000000008a5496c8}: 'java.lang.Object java.lang.invoke.DirectMethodHandle$Holder.invokeSpecial(java.lang.Object, java.lang.Object, java.lang.Object, int, java.lang.Object)'> (0x000000008a5496c8) 
thrown [s\open\src\hotspot\share\interpreter\linkResolver.cpp, line 773]
Event: 0.793 Thread 0x00000171a1ca2990 Exception <a 'java/lang/NoSuchMethodError'{0x000000008a5517e8}: 'int java.lang.invoke.DirectMethodHandle$Holder.invokeSpecial(java.lang.Object, java.lang.Object, java.lang.Object, int)'> (0x000000008a5517e8) 
thrown [s\open\src\hotspot\share\interpreter\linkResolver.cpp, line 773]
Event: 0.795 Thread 0x00000171a1ca2990 Implicit null exception at 0x00000171b35916e0 to 0x00000171b35918d8
Event: 0.796 Thread 0x00000171a1ca2990 Exception <a 'java/lang/NoSuchMethodError'{0x000000008a575750}: 'java.lang.Object java.lang.invoke.Invokers$Holder.invokeExact_MT(java.lang.Object, int, java.lang.Object)'> (0x000000008a575750) 
thrown [s\open\src\hotspot\share\interpreter\linkResolver.cpp, line 773]
Event: 0.803 Thread 0x00000171a1ca2990 Exception <a 'java/lang/NoSuchMethodError'{0x000000008a44d3c0}: 'void java.lang.invoke.DirectMethodHandle$Holder.invokeStatic(java.lang.Object, java.lang.Object)'> (0x000000008a44d3c0) 
thrown [s\open\src\hotspot\share\interpreter\linkResolver.cpp, line 773]
Event: 0.920 Thread 0x00000171a1ca2990 Exception <a 'java/lang/NoSuchMethodError'{0x0000000089dbe800}: 'void java.lang.invoke.Invokers$Holder.invokeExact_MT(java.lang.Object, java.lang.Object, java.lang.Object, java.lang.Object)'> (0x0000000089dbe800) 
thrown [s\open\src\hotspot\share\interpreter\linkResolver.cpp, line 773]
Event: 0.931 Thread 0x00000171a1ca2990 Exception <a 'java/lang/NoClassDefFoundError'{0x0000000089c447d8}: com/google/inject/servlet/ServletModuleTargetVisitor> (0x0000000089c447d8) 
thrown [s\open\src\hotspot\share\classfile\systemDictionary.cpp, line 301]
Event: 0.972 Thread 0x00000171a1ca2990 Exception <a 'java/lang/NoSuchMethodError'{0x0000000089af7040}: 'void java.lang.invoke.DirectMethodHandle$Holder.invokeVirtual(java.lang.Object, java.lang.Object)'> (0x0000000089af7040) 
thrown [s\open\src\hotspot\share\interpreter\linkResolver.cpp, line 773]
Event: 0.998 Thread 0x00000171a1ca2990 Exception <a 'java/lang/NoSuchMethodError'{0x00000000899864e0}: 'java.lang.Object java.lang.invoke.DirectMethodHandle$Holder.invokeStaticInit(java.lang.Object, int, int, int, int)'> (0x00000000899864e0) 
thrown [s\open\src\hotspot\share\interpreter\linkResolver.cpp, line 773]

ZGC Phase Switch (0 events):
No events

VM Operations (20 events):
Event: 0.782 Executing VM operation: G1CollectForAllocation (G1 Evacuation Pause)
Event: 0.787 Executing VM operation: G1CollectForAllocation (G1 Evacuation Pause) done
Event: 0.817 Executing VM operation: HandshakeAllThreads (Deoptimize)
Event: 0.817 Executing VM operation: HandshakeAllThreads (Deoptimize) done
Event: 0.818 Executing VM operation: HandshakeAllThreads (Deoptimize)
Event: 0.818 Executing VM operation: HandshakeAllThreads (Deoptimize) done
Event: 0.850 Executing VM operation: HandshakeAllThreads (Deoptimize)
Event: 0.850 Executing VM operation: HandshakeAllThreads (Deoptimize) done
Event: 0.918 Executing VM operation: HandshakeAllThreads (Deoptimize)
Event: 0.918 Executing VM operation: HandshakeAllThreads (Deoptimize) done
Event: 0.949 Executing VM operation: ICBufferFull
Event: 0.949 Executing VM operation: ICBufferFull done
Event: 0.978 Executing VM operation: HandshakeAllThreads (Deoptimize)
Event: 0.978 Executing VM operation: HandshakeAllThreads (Deoptimize) done
Event: 1.008 Executing VM operation: HandshakeAllThreads (Deoptimize)
Event: 1.008 Executing VM operation: HandshakeAllThreads (Deoptimize) done
Event: 1.029 Executing VM operation: HandshakeAllThreads (Deoptimize)
Event: 1.029 Executing VM operation: HandshakeAllThreads (Deoptimize) done
Event: 1.053 Executing VM operation: HandshakeAllThreads (Deoptimize)
Event: 1.053 Executing VM operation: HandshakeAllThreads (Deoptimize) done

Events (12 events):
Event: 0.017 Thread 0x00000171a1ca2990 Thread added: 0x00000171a1ca2990
Event: 0.026 Thread 0x00000171c069df10 Thread added: 0x00000171c069df10
Event: 0.026 Thread 0x00000171c069e970 Thread added: 0x00000171c069e970
Event: 0.026 Thread 0x00000171c06a19e0 Thread added: 0x00000171c06a19e0
Event: 0.026 Thread 0x00000171c06a4b10 Thread added: 0x00000171c06a4b10
Event: 0.026 Thread 0x00000171c06a7d20 Thread added: 0x00000171c06a7d20
Event: 0.026 Thread 0x00000171c06ab0a0 Thread added: 0x00000171c06ab0a0
Event: 0.027 Thread 0x00000171c06b4480 Thread added: 0x00000171c06b4480
Event: 0.027 Thread 0x00000171c06d4f30 Thread added: 0x00000171c06d4f30
Event: 0.039 Thread 0x00000171c09335a0 Thread added: 0x00000171c09335a0
Event: 0.041 Thread 0x00000171c0937630 Thread added: 0x00000171c0937630
Event: 0.214 Thread 0x00000172061e26a0 Thread added: 0x00000172061e26a0


Dynamic libraries:
0x00007ff7b4190000 - 0x00007ff7b41a0000 	C:\Program Files\Java\jdk-21\bin\java.exe
0x00007ffa5b050000 - 0x00007ffa5b266000 	C:\Windows\SYSTEM32\ntdll.dll
0x00007ffa5a8a0000 - 0x00007ffa5a964000 	C:\Windows\System32\KERNEL32.DLL
0x00007ffa588b0000 - 0x00007ffa58c57000 	C:\Windows\System32\KERNELBASE.dll
0x00007ffa58c60000 - 0x00007ffa58d71000 	C:\Windows\System32\ucrtbase.dll
0x00007ffa2c3a0000 - 0x00007ffa2c3b9000 	C:\Program Files\Java\jdk-21\bin\jli.dll
0x00007ffa2a430000 - 0x00007ffa2a44b000 	C:\Program Files\Java\jdk-21\bin\VCRUNTIME140.dll
0x00007ffa5a7e0000 - 0x00007ffa5a892000 	C:\Windows\System32\ADVAPI32.dll
0x00007ffa59b40000 - 0x00007ffa59be7000 	C:\Windows\System32\msvcrt.dll
0x00007ffa5abb0000 - 0x00007ffa5ac58000 	C:\Windows\System32\sechost.dll
0x00007ffa58880000 - 0x00007ffa588a8000 	C:\Windows\System32\bcrypt.dll
0x00007ffa58e60000 - 0x00007ffa58f75000 	C:\Windows\System32\RPCRT4.dll
0x00007ffa597d0000 - 0x00007ffa5997e000 	C:\Windows\System32\USER32.dll
0x00007ffa585a0000 - 0x00007ffa585c6000 	C:\Windows\System32\win32u.dll
0x00007ffa3fa90000 - 0x00007ffa3fd23000 	C:\Windows\WinSxS\amd64_microsoft.windows.common-controls_6595b64144ccf1df_6.0.22621.3235_none_270f74e173860f98\COMCTL32.dll
0x00007ffa5acf0000 - 0x00007ffa5ad19000 	C:\Windows\System32\GDI32.dll
0x00007ffa58760000 - 0x00007ffa58879000 	C:\Windows\System32\gdi32full.dll
0x00007ffa586c0000 - 0x00007ffa5875a000 	C:\Windows\System32\msvcp_win.dll
0x00007ffa50580000 - 0x00007ffa5058a000 	C:\Windows\SYSTEM32\VERSION.dll
0x00007ffa5ac90000 - 0x00007ffa5acc1000 	C:\Windows\System32\IMM32.DLL
0x00007ffa36d90000 - 0x00007ffa36d9c000 	C:\Program Files\Java\jdk-21\bin\vcruntime140_1.dll
0x00007ffa22520000 - 0x00007ffa225ae000 	C:\Program Files\Java\jdk-21\bin\msvcp140.dll
0x00007ff9a4e20000 - 0x00007ff9a5b37000 	C:\Program Files\Java\jdk-21\bin\server\jvm.dll
0x00007ffa5a980000 - 0x00007ffa5a9f1000 	C:\Windows\System32\WS2_32.dll
0x00007ffa57210000 - 0x00007ffa5725d000 	C:\Windows\SYSTEM32\POWRPROF.dll
0x00007ffa50b60000 - 0x00007ffa50b94000 	C:\Windows\SYSTEM32\WINMM.dll
0x00007ffa571f0000 - 0x00007ffa57203000 	C:\Windows\SYSTEM32\UMPDC.dll
0x00007ffa574a0000 - 0x00007ffa574b8000 	C:\Windows\SYSTEM32\kernel.appcore.dll
0x00007ffa36d60000 - 0x00007ffa36d6a000 	C:\Program Files\Java\jdk-21\bin\jimage.dll
0x00007ffa55e50000 - 0x00007ffa56083000 	C:\Windows\SYSTEM32\DBGHELP.DLL
0x00007ffa59bf0000 - 0x00007ffa59f78000 	C:\Windows\System32\combase.dll
0x00007ffa58d80000 - 0x00007ffa58e57000 	C:\Windows\System32\OLEAUT32.dll
0x00007ffa36ff0000 - 0x00007ffa37022000 	C:\Windows\SYSTEM32\dbgcore.DLL
0x00007ffa58640000 - 0x00007ffa586b9000 	C:\Windows\System32\bcryptPrimitives.dll
0x00007ffa29620000 - 0x00007ffa2963f000 	C:\Program Files\Java\jdk-21\bin\java.dll
0x00007ffa59f80000 - 0x00007ffa5a7dc000 	C:\Windows\System32\SHELL32.dll
0x00007ffa562e0000 - 0x00007ffa56bd9000 	C:\Windows\SYSTEM32\windows.storage.dll
0x00007ffa561a0000 - 0x00007ffa562de000 	C:\Windows\SYSTEM32\wintypes.dll
0x00007ffa5aab0000 - 0x00007ffa5aba3000 	C:\Windows\System32\SHCORE.dll
0x00007ffa59770000 - 0x00007ffa597ce000 	C:\Windows\System32\shlwapi.dll
0x00007ffa582a0000 - 0x00007ffa582c1000 	C:\Windows\SYSTEM32\profapi.dll
0x00007ffa0fc00000 - 0x00007ffa0fcd7000 	C:\Program Files\Java\jdk-21\bin\jsvml.dll
0x00007ffa369b0000 - 0x00007ffa369c0000 	C:\Program Files\Java\jdk-21\bin\net.dll
0x00007ffa51530000 - 0x00007ffa51666000 	C:\Windows\SYSTEM32\WINHTTP.dll
0x00007ffa57910000 - 0x00007ffa57979000 	C:\Windows\system32\mswsock.dll
0x00007ffa269c0000 - 0x00007ffa269d6000 	C:\Program Files\Java\jdk-21\bin\nio.dll
0x00007ffa26870000 - 0x00007ffa26888000 	C:\Program Files\Java\jdk-21\bin\zip.dll
0x0000000069ac0000 - 0x0000000069ae4000 	C:\SGU\APP\netbeans\java\maven\lib\jansi-native\Windows\x86_64\jansi.dll
0x00007ffa34000000 - 0x00007ffa34010000 	C:\Program Files\Java\jdk-21\bin\verify.dll

dbghelp: loaded successfully - version: 4.0.5 - missing functions: none
symbol engine: initialized successfully - sym options: 0x614 - pdb path: .;C:\Program Files\Java\jdk-21\bin;C:\Windows\SYSTEM32;C:\Windows\WinSxS\amd64_microsoft.windows.common-controls_6595b64144ccf1df_6.0.22621.3235_none_270f74e173860f98;C:\Program Files\Java\jdk-21\bin\server;C:\SGU\APP\netbeans\java\maven\lib\jansi-native\Windows\x86_64

VM Arguments:
jvm_args: -Dclassworlds.conf=C:\SGU\APP\netbeans\java\maven\bin\m2.conf -Dmaven.home=C:\SGU\APP\netbeans\java\maven -Dlibrary.jansi.path=C:\SGU\APP\netbeans\java\maven\lib\jansi-native -Dmaven.multiModuleProjectDirectory=C:\SGU\Nam3_HK2\MoHinhPhanLop\BaiTapLon2\QuanLyThanhVien 
java_command: org.codehaus.plexus.classworlds.launcher.Launcher -Dexec.vmArgs= -Dexec.args=${exec.vmArgs} -classpath %classpath ${exec.mainClass} ${exec.appArgs} -Dexec.executable=C:\Program Files\Java\jdk-21\bin\java.exe -Dexec.mainClass=GUI.MainGUI -Dexec.classpathScope=runtime -Dexec.appArgs= -Dmaven.ext.class.path=C:\SGU\APP\netbeans\java\maven-nblib\netbeans-eventspy.jar --no-transfer-progress process-classes org.codehaus.mojo:exec-maven-plugin:3.1.0:exec
java_class_path (initial): C:\SGU\APP\netbeans\java\maven\boot\plexus-classworlds-2.7.0.jar
Launcher Type: SUN_STANDARD

[Global flags]
     intx CICompilerCount                          = 4                                         {product} {ergonomic}
     uint ConcGCThreads                            = 2                                         {product} {ergonomic}
     uint G1ConcRefinementThreads                  = 8                                         {product} {ergonomic}
   size_t G1HeapRegionSize                         = 1048576                                   {product} {ergonomic}
    uintx GCDrainStackTargetSize                   = 64                                        {product} {ergonomic}
   size_t InitialHeapSize                          = 132120576                                 {product} {ergonomic}
   size_t MarkStackSize                            = 4194304                                   {product} {ergonomic}
   size_t MaxHeapSize                              = 2105540608                                {product} {ergonomic}
   size_t MaxNewSize                               = 1262485504                                {product} {ergonomic}
   size_t MinHeapDeltaBytes                        = 1048576                                   {product} {ergonomic}
   size_t MinHeapSize                              = 8388608                                   {product} {ergonomic}
    uintx NonNMethodCodeHeapSize                   = 5839372                                {pd product} {ergonomic}
    uintx NonProfiledCodeHeapSize                  = 122909434                              {pd product} {ergonomic}
    uintx ProfiledCodeHeapSize                     = 122909434                              {pd product} {ergonomic}
    uintx ReservedCodeCacheSize                    = 251658240                              {pd product} {ergonomic}
     bool SegmentedCodeCache                       = true                                      {product} {ergonomic}
   size_t SoftMaxHeapSize                          = 2105540608                             {manageable} {ergonomic}
     bool UseCompressedOops                        = true                           {product lp64_product} {ergonomic}
     bool UseG1GC                                  = true                                      {product} {ergonomic}
     bool UseLargePagesIndividualAllocation        = false                                  {pd product} {ergonomic}

Logging:
Log output configuration:
 #0: stdout all=warning uptime,level,tags foldmultilines=false
 #1: stderr all=off uptime,level,tags foldmultilines=false

Environment Variables:
JAVA_HOME=C:\Program Files\Java\jdk-21
PATH=C:\Program Files (x86)\VMware\VMware Workstation\bin\;C:\Program Files\Common Files\Oracle\Java\javapath;C:\Windows\system32;C:\Windows;C:\Windows\System32\Wbem;C:\Windows\System32\WindowsPowerShell\v1.0\;C:\Windows\System32\OpenSSH\;C:\Program Files (x86)\NVIDIA Corporation\PhysX\Common;C:\Program Files\NVIDIA Corporation\NVIDIA NvDLISR;C:\Program Files\dotnet\;C:\Program Files (x86)\Microsoft SQL Server\160\Tools\Binn\;C:\Program Files\Microsoft SQL Server\160\Tools\Binn\;C:\Program Files\Microsoft SQL Server\Client SDK\ODBC\170\Tools\Binn\;C:\Program Files\Microsoft SQL Server\160\DTS\Binn\;C:\Program Files (x86)\Microsoft SQL Server\160\DTS\Binn\;C:\Program Files\Azure Data Studio\bin;C:\SGU\APP\GIT\Git\cmd;C:\Users\ASUS\AppData\Local\Programs\Python\Python312\Scripts\;C:\Users\ASUS\AppData\Local\Programs\Python\Python312\;C:\Users\ASUS\AppData\Local\Programs\Python\Launcher\;C:\Users\ASUS\AppData\Local\Microsoft\WindowsApps;C:\SGU\APP\Microsoft VS Code\bin;C:\Program Files\Azure Data Studio\bin;C:\SGU\APP\MSYS2\mingw64\bin;
USERNAME=ASUS
OS=Windows_NT
PROCESSOR_IDENTIFIER=Intel64 Family 6 Model 165 Stepping 2, GenuineIntel
TMP=C:\Users\ASUS\AppData\Local\Temp
TEMP=C:\Users\ASUS\AppData\Local\Temp




Periodic native trim disabled

---------------  S Y S T E M  ---------------

OS:
 Windows 11 , 64 bit Build 22621 (10.0.22621.3374)
OS uptime: 5 days 4:22 hours

CPU: total 8 (initial active 8) (4 cores per cpu, 2 threads per core) family 6 model 165 stepping 2 microcode 0xe0, cx8, cmov, fxsr, ht, mmx, 3dnowpref, sse, sse2, sse3, ssse3, sse4.1, sse4.2, popcnt, lzcnt, tsc, tscinvbit, avx, avx2, aes, erms, clmul, bmi1, bmi2, adx, fma, vzeroupper, clflush, clflushopt, rdtscp, f16c, pku
Processor Information for all 8 processors :
  Max Mhz: 2496, Current Mhz: 2496, Mhz Limit: 2496

Memory: 4k page, system-wide physical 8029M (544M free)
TotalPageFile size 32605M (AvailPageFile size 5M)
current process WorkingSet (physical memory assigned to process): 117M, peak: 117M
current process commit charge ("private bytes"): 245M, peak: 245M

vm_info: Java HotSpot(TM) 64-Bit Server VM (21.0.2+13-LTS-58) for windows-amd64 JRE (21.0.2+13-LTS-58), built on 2024-01-05T18:32:24Z by "mach5one" with MS VC++ 17.1 (VS2022)

END.
