#
# There is insufficient memory for the Java Runtime Environment to continue.
# Native memory allocation (malloc) failed to allocate 1983008 bytes for Chunk::new
# Possible reasons:
#   The system is out of physical RAM or swap space
#   The process is running with CompressedOops enabled, and the Java Heap may be blocking the growth of the native heap
# Possible solutions:
#   Reduce memory load on the system
#   Increase physical memory or swap space
#   Check if swap backing store is full
#   Decrease Java heap size (-Xmx/-Xms)
#   Decrease number of Java threads
#   Decrease Java thread stack sizes (-Xss)
#   Set larger code cache with -XX:ReservedCodeCacheSize=
#   JVM is running with Unscaled Compressed Oops mode in which the Java heap is
#     placed in the first 4GB address space. The Java Heap base address is the
#     maximum limit for the native heap growth. Please use -XX:HeapBaseMinAddress
#     to set the Java Heap base and to place the Java Heap above 4GB virtual address.
# This output file may be truncated or incomplete.
#
#  Out of Memory Error (arena.cpp:168), pid=20576, tid=11412
#
# JRE version: Java(TM) SE Runtime Environment (21.0.2+13) (build 21.0.2+13-LTS-58)
# Java VM: Java HotSpot(TM) 64-Bit Server VM (21.0.2+13-LTS-58, mixed mode, sharing, tiered, compressed oops, compressed class ptrs, g1 gc, windows-amd64)
# No core dump will be written. Minidumps are not enabled by default on client versions of Windows
#

---------------  S U M M A R Y ------------

Command Line: -agentlib:jdwp=transport=dt_socket,server=n,address=60644 GUI.MainGUI

Host: Intel(R) Core(TM) i5-10300H CPU @ 2.50GHz, 8 cores, 7G,  Windows 11 , 64 bit Build 22621 (10.0.22621.3235)
Time: Sun Mar 31 18:44:40 2024 SE Asia Standard Time elapsed time: 3.642361 seconds (0d 0h 0m 3s)

---------------  T H R E A D  ---------------

Current thread (0x000002214c7a7540):  JavaThread "C2 CompilerThread2" daemon [_thread_in_native, id=11412, stack(0x000000c07f200000,0x000000c07f300000) (1024K)]


Current CompileTask:
C2:   3642 2738   !   4       jdk.internal.loader.BuiltinClassLoader::loadClassOrNull (143 bytes)

Stack: [0x000000c07f200000,0x000000c07f300000]
Native frames: (J=compiled Java code, j=interpreted, Vv=VM code, C=native code)
V  [jvm.dll+0x6cade9]
V  [jvm.dll+0x8569c1]
V  [jvm.dll+0x858d2e]
V  [jvm.dll+0x859413]
V  [jvm.dll+0x280e56]
V  [jvm.dll+0xc3f3d]
V  [jvm.dll+0xc4473]
V  [jvm.dll+0x3b5c2c]
V  [jvm.dll+0x382855]
V  [jvm.dll+0x381cca]
V  [jvm.dll+0x249bd0]
V  [jvm.dll+0x2491b1]
V  [jvm.dll+0x1c9634]
V  [jvm.dll+0x258859]
V  [jvm.dll+0x256e3a]
V  [jvm.dll+0x3ef6c6]
V  [jvm.dll+0x7ff568]
V  [jvm.dll+0x6c953d]
C  [ucrtbase.dll+0x29363]
C  [KERNEL32.DLL+0x1257d]
C  [ntdll.dll+0x5aa58]


---------------  P R O C E S S  ---------------

Threads class SMR info:
_java_thread_list=0x000002214d72b5b0, length=23, elements={
0x0000022105161760, 0x0000022105162680, 0x0000022105164450, 0x0000022105167660,
0x00000221051680c0, 0x0000022105168730, 0x0000022105169820, 0x0000022105173200,
0x000002210545f580, 0x0000022105466c80, 0x000002210546a000, 0x000002210546bed0,
0x000002210547b960, 0x000002214b0100a0, 0x000002214b012690, 0x00000221056fd430,
0x00000221054cda50, 0x00000221667a4440, 0x000002214b0a6140, 0x000002214c4e3d70,
0x000002214c7a7540, 0x000002214cf05820, 0x000002214cc5bd00
}

Java Threads: ( => current thread )
  0x0000022105161760 JavaThread "Reference Handler"          daemon [_thread_blocked, id=20588, stack(0x000000c07d800000,0x000000c07d900000) (1024K)]
  0x0000022105162680 JavaThread "Finalizer"                  daemon [_thread_blocked, id=18944, stack(0x000000c07d900000,0x000000c07da00000) (1024K)]
  0x0000022105164450 JavaThread "Signal Dispatcher"          daemon [_thread_blocked, id=6356, stack(0x000000c07da00000,0x000000c07db00000) (1024K)]
  0x0000022105167660 JavaThread "Attach Listener"            daemon [_thread_blocked, id=24744, stack(0x000000c07db00000,0x000000c07dc00000) (1024K)]
  0x00000221051680c0 JavaThread "Service Thread"             daemon [_thread_blocked, id=17612, stack(0x000000c07dc00000,0x000000c07dd00000) (1024K)]
  0x0000022105168730 JavaThread "Monitor Deflation Thread"   daemon [_thread_blocked, id=13296, stack(0x000000c07dd00000,0x000000c07de00000) (1024K)]
  0x0000022105169820 JavaThread "C2 CompilerThread0"         daemon [_thread_in_native, id=24924, stack(0x000000c07de00000,0x000000c07df00000) (1024K)]
  0x0000022105173200 JavaThread "C1 CompilerThread0"         daemon [_thread_blocked, id=16636, stack(0x000000c07df00000,0x000000c07e000000) (1024K)]
  0x000002210545f580 JavaThread "JDWP Transport Listener: dt_socket" daemon [_thread_blocked, id=13900, stack(0x000000c07e000000,0x000000c07e100000) (1024K)]
  0x0000022105466c80 JavaThread "JDWP Event Helper Thread"   daemon [_thread_blocked, id=24572, stack(0x000000c07e100000,0x000000c07e200000) (1024K)]
  0x000002210546a000 JavaThread "JDWP Command Reader"        daemon [_thread_in_native, id=21332, stack(0x000000c07e200000,0x000000c07e300000) (1024K)]
  0x000002210546bed0 JavaThread "Notification Thread"        daemon [_thread_blocked, id=18260, stack(0x000000c07e300000,0x000000c07e400000) (1024K)]
  0x000002210547b960 JavaThread "Common-Cleaner"             daemon [_thread_blocked, id=25616, stack(0x000000c07e400000,0x000000c07e500000) (1024K)]
  0x000002214b0100a0 JavaThread "Java2D Disposer"            daemon [_thread_blocked, id=24624, stack(0x000000c07e600000,0x000000c07e700000) (1024K)]
  0x000002214b012690 JavaThread "AWT-Shutdown"                      [_thread_blocked, id=21632, stack(0x000000c07e700000,0x000000c07e800000) (1024K)]
  0x00000221056fd430 JavaThread "AWT-Windows"                daemon [_thread_in_native, id=22288, stack(0x000000c07e800000,0x000000c07e900000) (1024K)]
  0x00000221054cda50 JavaThread "AWT-EventQueue-0"                  [_thread_in_vm, id=1860, stack(0x000000c07e500000,0x000000c07e600000) (1024K)]
  0x00000221667a4440 JavaThread "DestroyJavaVM"                     [_thread_blocked, id=25576, stack(0x000000c07d000000,0x000000c07d100000) (1024K)]
  0x000002214b0a6140 JavaThread "org.netbeans.modules.debugger.jpda.visual AWT Access Loop" daemon [_thread_blocked, id=2796, stack(0x000000c07e900000,0x000000c07ea00000) (1024K)]
  0x000002214c4e3d70 JavaThread "C2 CompilerThread1"         daemon [_thread_blocked, id=20500, stack(0x000000c07f100000,0x000000c07f200000) (1024K)]
=>0x000002214c7a7540 JavaThread "C2 CompilerThread2"         daemon [_thread_in_native, id=11412, stack(0x000000c07f200000,0x000000c07f300000) (1024K)]
  0x000002214cf05820 JavaThread "mysql-cj-abandoned-connection-cleanup" daemon [_thread_blocked, id=23348, stack(0x000000c07f400000,0x000000c07f500000) (1024K)]
  0x000002214cc5bd00 JavaThread "Hibernate Connection Pool Validation Thread" daemon [_thread_blocked, id=18536, stack(0x000000c07f500000,0x000000c07f600000) (1024K)]
Total: 23

Other Threads:
  0x0000022105142150 VMThread "VM Thread"                           [id=25440, stack(0x000000c07d700000,0x000000c07d800000) (1024K)]
  0x0000022105128370 WatcherThread "VM Periodic Task Thread"        [id=24792, stack(0x000000c07d600000,0x000000c07d700000) (1024K)]
  0x00000221688a34a0 WorkerThread "GC Thread#0"                     [id=21156, stack(0x000000c07d100000,0x000000c07d200000) (1024K)]
  0x000002214b763ee0 WorkerThread "GC Thread#1"                     [id=7424, stack(0x000000c07ea00000,0x000000c07eb00000) (1024K)]
  0x000002214b6346d0 WorkerThread "GC Thread#2"                     [id=2540, stack(0x000000c07eb00000,0x000000c07ec00000) (1024K)]
  0x000002214c3ab590 WorkerThread "GC Thread#3"                     [id=24428, stack(0x000000c07ec00000,0x000000c07ed00000) (1024K)]
  0x000002214c3ab930 WorkerThread "GC Thread#4"                     [id=3792, stack(0x000000c07ed00000,0x000000c07ee00000) (1024K)]
  0x000002214c3abcd0 WorkerThread "GC Thread#5"                     [id=2764, stack(0x000000c07ee00000,0x000000c07ef00000) (1024K)]
  0x000002214c22bc10 WorkerThread "GC Thread#6"                     [id=19972, stack(0x000000c07ef00000,0x000000c07f000000) (1024K)]
  0x000002214c22bfb0 WorkerThread "GC Thread#7"                     [id=2148, stack(0x000000c07f000000,0x000000c07f100000) (1024K)]
  0x00000221688b4ea0 ConcurrentGCThread "G1 Main Marker"            [id=19444, stack(0x000000c07d200000,0x000000c07d300000) (1024K)]
  0x00000221688b58b0 WorkerThread "G1 Conc#0"                       [id=24480, stack(0x000000c07d300000,0x000000c07d400000) (1024K)]
  0x000002214d09ffe0 WorkerThread "G1 Conc#1"                       [id=25048, stack(0x000000c07f300000,0x000000c07f400000) (1024K)]
  0x0000022104ff9910 ConcurrentGCThread "G1 Refine#0"               [id=13160, stack(0x000000c07d400000,0x000000c07d500000) (1024K)]
  0x0000022104ffa290 ConcurrentGCThread "G1 Service"                [id=8444, stack(0x000000c07d500000,0x000000c07d600000) (1024K)]
Total: 15

Threads with active compile tasks:
C2 CompilerThread0     3664 2778       4       jdk.internal.org.objectweb.asm.SymbolTable::put (150 bytes)
C2 CompilerThread2     3664 2738   !   4       jdk.internal.loader.BuiltinClassLoader::loadClassOrNull (143 bytes)
Total: 2

VM state: not at safepoint (normal execution)

VM Mutex/Monitor currently owned by a thread: None

Heap address: 0x0000000082800000, size: 2008 MB, Compressed Oops mode: 32-bit

CDS archive(s) mapped at: [0x0000022106000000-0x0000022106c90000-0x0000022106c90000), size 13172736, SharedBaseAddress: 0x0000022106000000, ArchiveRelocationMode: 1.
Compressed class space mapped at: 0x0000022107000000-0x0000022147000000, reserved size: 1073741824
Narrow klass base: 0x0000022106000000, Narrow klass shift: 0, Narrow klass range: 0x100000000

GC Precious Log:
 CardTable entry size: 512
 Card Set container configuration: InlinePtr #cards 5 size 8 Array Of Cards #cards 12 size 40 Howl #buckets 4 coarsen threshold 1843 Howl Bitmap #cards 512 size 80 coarsen threshold 460 Card regions per heap region 1 cards per card region 2048
 CPUs: 8 total, 8 available
 Memory: 8029M
 Large Page Support: Disabled
 NUMA Support: Disabled
 Compressed Oops: Enabled (32-bit)
 Heap Region Size: 1M
 Heap Min Capacity: 8M
 Heap Initial Capacity: 126M
 Heap Max Capacity: 2008M
 Pre-touch: Disabled
 Parallel Workers: 8
 Concurrent Workers: 2
 Concurrent Refinement Workers: 8
 Periodic GC: Disabled

Heap:
 garbage-first heap   total 40960K, used 15591K [0x0000000082800000, 0x0000000100000000)
  region size 1024K, 7 young (7168K), 3 survivors (3072K)
 Metaspace       used 29489K, committed 29760K, reserved 1114112K
  class space    used 3673K, committed 3776K, reserved 1048576K

Heap Regions: E=young(eden), S=young(survivor), O=old, HS=humongous(starts), HC=humongous(continues), CS=collection set, F=free, TAMS=top-at-mark-start, PB=parsable bottom
|   0|0x0000000082800000, 0x0000000082900000, 0x0000000082900000|100%|HS|  |TAMS 0x0000000082800000| PB 0x0000000082800000| Complete 
|   1|0x0000000082900000, 0x0000000082a00000, 0x0000000082a00000|100%| O|  |TAMS 0x0000000082900000| PB 0x0000000082900000| Untracked 
|   2|0x0000000082a00000, 0x0000000082b00000, 0x0000000082b00000|100%| O|  |TAMS 0x0000000082a00000| PB 0x0000000082a00000| Untracked 
|   3|0x0000000082b00000, 0x0000000082c00000, 0x0000000082c00000|100%| O|  |TAMS 0x0000000082b00000| PB 0x0000000082b00000| Untracked 
|   4|0x0000000082c00000, 0x0000000082d00000, 0x0000000082d00000|100%| O|  |TAMS 0x0000000082c00000| PB 0x0000000082c00000| Untracked 
|   5|0x0000000082d00000, 0x0000000082dce6a0, 0x0000000082e00000| 80%| O|Cm|TAMS 0x0000000082d00000| PB 0x0000000082d00000| Complete 
|   6|0x0000000082e00000, 0x0000000082f00000, 0x0000000082f00000|100%| O|  |TAMS 0x0000000082e00000| PB 0x0000000082e00000| Untracked 
|   7|0x0000000082f00000, 0x0000000083000000, 0x0000000083000000|100%| O|  |TAMS 0x0000000082f00000| PB 0x0000000082f00000| Untracked 
|   8|0x0000000083000000, 0x0000000083100000, 0x0000000083100000|100%| O|  |TAMS 0x0000000083000000| PB 0x0000000083000000| Untracked 
|   9|0x0000000083100000, 0x000000008316b5a0, 0x0000000083200000| 41%| O|  |TAMS 0x0000000083100000| PB 0x0000000083100000| Untracked 
|  10|0x0000000083200000, 0x0000000083200000, 0x0000000083300000|  0%| F|  |TAMS 0x0000000083200000| PB 0x0000000083200000| Untracked 
|  11|0x0000000083300000, 0x0000000083300000, 0x0000000083400000|  0%| F|  |TAMS 0x0000000083300000| PB 0x0000000083300000| Untracked 
|  12|0x0000000083400000, 0x0000000083400000, 0x0000000083500000|  0%| F|  |TAMS 0x0000000083400000| PB 0x0000000083400000| Untracked 
|  13|0x0000000083500000, 0x0000000083600000, 0x0000000083600000|100%| S|CS|TAMS 0x0000000083500000| PB 0x0000000083500000| Complete 
|  14|0x0000000083600000, 0x0000000083700000, 0x0000000083700000|100%| S|CS|TAMS 0x0000000083600000| PB 0x0000000083600000| Complete 
|  15|0x0000000083700000, 0x0000000083800000, 0x0000000083800000|100%| S|CS|TAMS 0x0000000083700000| PB 0x0000000083700000| Complete 
|  16|0x0000000083800000, 0x0000000083800000, 0x0000000083900000|  0%| F|  |TAMS 0x0000000083800000| PB 0x0000000083800000| Untracked 
|  17|0x0000000083900000, 0x0000000083900000, 0x0000000083a00000|  0%| F|  |TAMS 0x0000000083900000| PB 0x0000000083900000| Untracked 
|  18|0x0000000083a00000, 0x0000000083a00000, 0x0000000083b00000|  0%| F|  |TAMS 0x0000000083a00000| PB 0x0000000083a00000| Untracked 
|  19|0x0000000083b00000, 0x0000000083b00000, 0x0000000083c00000|  0%| F|  |TAMS 0x0000000083b00000| PB 0x0000000083b00000| Untracked 
|  20|0x0000000083c00000, 0x0000000083c00000, 0x0000000083d00000|  0%| F|  |TAMS 0x0000000083c00000| PB 0x0000000083c00000| Untracked 
|  21|0x0000000083d00000, 0x0000000083d00000, 0x0000000083e00000|  0%| F|  |TAMS 0x0000000083d00000| PB 0x0000000083d00000| Untracked 
|  22|0x0000000083e00000, 0x0000000083e00000, 0x0000000083f00000|  0%| F|  |TAMS 0x0000000083e00000| PB 0x0000000083e00000| Untracked 
|  23|0x0000000083f00000, 0x0000000083f00000, 0x0000000084000000|  0%| F|  |TAMS 0x0000000083f00000| PB 0x0000000083f00000| Untracked 
|  24|0x0000000084000000, 0x0000000084000000, 0x0000000084100000|  0%| F|  |TAMS 0x0000000084000000| PB 0x0000000084000000| Untracked 
|  25|0x0000000084100000, 0x0000000084100000, 0x0000000084200000|  0%| F|  |TAMS 0x0000000084100000| PB 0x0000000084100000| Untracked 
|  26|0x0000000084200000, 0x0000000084200000, 0x0000000084300000|  0%| F|  |TAMS 0x0000000084200000| PB 0x0000000084200000| Untracked 
|  27|0x0000000084300000, 0x0000000084300000, 0x0000000084400000|  0%| F|  |TAMS 0x0000000084300000| PB 0x0000000084300000| Untracked 
|  28|0x0000000084400000, 0x0000000084400000, 0x0000000084500000|  0%| F|  |TAMS 0x0000000084400000| PB 0x0000000084400000| Untracked 
|  29|0x0000000084500000, 0x0000000084500000, 0x0000000084600000|  0%| F|  |TAMS 0x0000000084500000| PB 0x0000000084500000| Untracked 
|  30|0x0000000084600000, 0x0000000084600000, 0x0000000084700000|  0%| F|  |TAMS 0x0000000084600000| PB 0x0000000084600000| Untracked 
|  31|0x0000000084700000, 0x0000000084700000, 0x0000000084800000|  0%| F|  |TAMS 0x0000000084700000| PB 0x0000000084700000| Untracked 
|  32|0x0000000084800000, 0x0000000084800000, 0x0000000084900000|  0%| F|  |TAMS 0x0000000084800000| PB 0x0000000084800000| Untracked 
|  33|0x0000000084900000, 0x0000000084900000, 0x0000000084a00000|  0%| F|  |TAMS 0x0000000084900000| PB 0x0000000084900000| Untracked 
| 115|0x0000000089b00000, 0x0000000089b00000, 0x0000000089c00000|  0%| F|  |TAMS 0x0000000089b00000| PB 0x0000000089b00000| Untracked 
| 116|0x0000000089c00000, 0x0000000089c00000, 0x0000000089d00000|  0%| F|  |TAMS 0x0000000089c00000| PB 0x0000000089c00000| Untracked 
| 117|0x0000000089d00000, 0x0000000089dc73c8, 0x0000000089e00000| 77%| E|  |TAMS 0x0000000089d00000| PB 0x0000000089d00000| Complete 
| 118|0x0000000089e00000, 0x0000000089f00000, 0x0000000089f00000|100%| E|CS|TAMS 0x0000000089e00000| PB 0x0000000089e00000| Complete 
| 119|0x0000000089f00000, 0x000000008a000000, 0x000000008a000000|100%| E|CS|TAMS 0x0000000089f00000| PB 0x0000000089f00000| Complete 
| 125|0x000000008a500000, 0x000000008a600000, 0x000000008a600000|100%| E|CS|TAMS 0x000000008a500000| PB 0x000000008a500000| Complete 

Card table byte_map: [0x00000221003f0000,0x00000221007e0000] _byte_map_base: 0x00000220fffdc000

Marking Bits: (CMBitMap*) 0x00000221688a3ab0
 Bits: [0x00000221007e0000, 0x0000022102740000)

Polling page: 0x0000022168010000

Metaspace:

Usage:
  Non-class:     25.22 MB used.
      Class:      3.59 MB used.
       Both:     28.81 MB used.

Virtual space:
  Non-class space:       64.00 MB reserved,      25.38 MB ( 40%) committed,  1 nodes.
      Class space:        1.00 GB reserved,       3.69 MB ( <1%) committed,  1 nodes.
             Both:        1.06 GB reserved,      29.06 MB (  3%) committed. 

Chunk freelists:
   Non-Class:  6.12 MB
       Class:  12.31 MB
        Both:  18.44 MB

MaxMetaspaceSize: unlimited
CompressedClassSpaceSize: 1.00 GB
Initial GC threshold: 21.00 MB
Current GC threshold: 35.12 MB
CDS: on
 - commit_granule_bytes: 65536.
 - commit_granule_words: 8192.
 - virtual_space_node_default_size: 8388608.
 - enlarge_chunks_in_place: 1.
 - use_allocation_guard: 0.


Internal statistics:

num_allocs_failed_limit: 3.
num_arena_births: 264.
num_arena_deaths: 0.
num_vsnodes_births: 2.
num_vsnodes_deaths: 0.
num_space_committed: 465.
num_space_uncommitted: 0.
num_chunks_returned_to_freelist: 3.
num_chunks_taken_from_freelist: 927.
num_chunk_merges: 3.
num_chunk_splits: 665.
num_chunks_enlarged: 521.
num_inconsistent_stats: 0.

CodeHeap 'non-profiled nmethods': size=120000Kb used=1217Kb max_used=1217Kb free=118782Kb
 bounds [0x0000022178780000, 0x00000221789f0000, 0x000002217fcb0000]
CodeHeap 'profiled nmethods': size=120000Kb used=6191Kb max_used=6191Kb free=113808Kb
 bounds [0x0000022170cb0000, 0x00000221712c0000, 0x00000221781e0000]
CodeHeap 'non-nmethods': size=5760Kb used=1739Kb max_used=1814Kb free=4020Kb
 bounds [0x00000221781e0000, 0x0000022178450000, 0x0000022178780000]
 total_blobs=3493 nmethods=2777 adapters=620
 compilation: enabled
              stopped_count=0, restarted_count=0
 full_count=0

Compilation events (20 events):
Event: 3.530 Thread 0x0000022105173200 2764       3       java.util.concurrent.locks.ReentrantLock::lock (8 bytes)
Event: 3.531 Thread 0x0000022105173200 nmethod 2764 0x00000221712b6390 code [0x00000221712b6560, 0x00000221712b6818]
Event: 3.545 Thread 0x0000022105173200 2765   !   3       java.util.concurrent.ConcurrentHashMap::replaceNode (437 bytes)
Event: 3.547 Thread 0x0000022105173200 nmethod 2765 0x00000221712b6910 code [0x00000221712b6cc0, 0x00000221712b87c0]
Event: 3.552 Thread 0x0000022105169820 2766       4       sun.net.util.IPAddressUtil::checkHostString (64 bytes)
Event: 3.555 Thread 0x0000022105169820 nmethod 2766 0x00000221788a2890 code [0x00000221788a2a20, 0x00000221788a2b80]
Event: 3.567 Thread 0x0000022105169820 2767       4       java.lang.String::indexOf (18 bytes)
Event: 3.570 Thread 0x0000022105169820 nmethod 2767 0x00000221788a2e10 code [0x00000221788a2fc0, 0x00000221788a3550]
Event: 3.571 Thread 0x0000022105169820 2768       4       java.lang.String::indexOf (101 bytes)
Event: 3.574 Thread 0x0000022105169820 nmethod 2768 0x00000221788a3890 code [0x00000221788a3a40, 0x00000221788a3ea0]
Event: 3.579 Thread 0x0000022105173200 2769       1       java.lang.reflect.Constructor::getConstructorAccessor (5 bytes)
Event: 3.579 Thread 0x0000022105173200 nmethod 2769 0x00000221788a4110 code [0x00000221788a42a0, 0x00000221788a4368]
Event: 3.579 Thread 0x0000022105173200 2770       1       java.lang.reflect.Constructor::getRoot (5 bytes)
Event: 3.579 Thread 0x0000022105173200 nmethod 2770 0x00000221788a4410 code [0x00000221788a45a0, 0x00000221788a4668]
Event: 3.580 Thread 0x0000022105173200 2771       3       java.lang.invoke.BoundMethodHandle::makeReinvoker (27 bytes)
Event: 3.581 Thread 0x0000022105173200 nmethod 2771 0x00000221712b9590 code [0x00000221712b9760, 0x00000221712b9a50]
Event: 3.589 Thread 0x0000022105173200 2772       3       java.lang.invoke.TypeConvertingMethodAdapter::cast (42 bytes)
Event: 3.589 Thread 0x0000022105173200 nmethod 2772 0x00000221712b9b90 code [0x00000221712b9d80, 0x00000221712ba1f0]
Event: 3.636 Thread 0x0000022105169820 2773       4       java.security.CodeSource::getCertificates (95 bytes)
Event: 3.637 Thread 0x0000022105169820 nmethod 2773 0x00000221788a4710 code [0x00000221788a48a0, 0x00000221788a4970]

GC Heap History (8 events):
Event: 1.776 GC heap before
{Heap before GC invocations=0 (full 0):
 garbage-first heap   total 129024K, used 23552K [0x0000000082800000, 0x0000000100000000)
  region size 1024K, 23 young (23552K), 0 survivors (0K)
 Metaspace       used 13711K, committed 13952K, reserved 1114112K
  class space    used 1640K, committed 1728K, reserved 1048576K
}
Event: 1.783 GC heap after
{Heap after GC invocations=1 (full 0):
 garbage-first heap   total 129024K, used 5845K [0x0000000082800000, 0x0000000100000000)
  region size 1024K, 3 young (3072K), 3 survivors (3072K)
 Metaspace       used 13711K, committed 13952K, reserved 1114112K
  class space    used 1640K, committed 1728K, reserved 1048576K
}
Event: 2.774 GC heap before
{Heap before GC invocations=1 (full 0):
 garbage-first heap   total 129024K, used 36565K [0x0000000082800000, 0x0000000100000000)
  region size 1024K, 33 young (33792K), 3 survivors (3072K)
 Metaspace       used 20616K, committed 20864K, reserved 1114112K
  class space    used 2559K, committed 2688K, reserved 1048576K
}
Event: 2.780 GC heap after
{Heap after GC invocations=2 (full 0):
 garbage-first heap   total 129024K, used 9704K [0x0000000082800000, 0x0000000100000000)
  region size 1024K, 4 young (4096K), 4 survivors (4096K)
 Metaspace       used 20616K, committed 20864K, reserved 1114112K
  class space    used 2559K, committed 2688K, reserved 1048576K
}
Event: 2.944 GC heap before
{Heap before GC invocations=2 (full 0):
 garbage-first heap   total 129024K, used 14824K [0x0000000082800000, 0x0000000100000000)
  region size 1024K, 10 young (10240K), 4 survivors (4096K)
 Metaspace       used 21278K, committed 21504K, reserved 1114112K
  class space    used 2625K, committed 2752K, reserved 1048576K
}
Event: 2.948 GC heap after
{Heap after GC invocations=3 (full 0):
 garbage-first heap   total 129024K, used 10651K [0x0000000082800000, 0x0000000100000000)
  region size 1024K, 5 young (5120K), 5 survivors (5120K)
 Metaspace       used 21278K, committed 21504K, reserved 1114112K
  class space    used 2625K, committed 2752K, reserved 1048576K
}
Event: 3.522 GC heap before
{Heap before GC invocations=4 (full 0):
 garbage-first heap   total 40960K, used 30107K [0x0000000082800000, 0x0000000100000000)
  region size 1024K, 24 young (24576K), 5 survivors (5120K)
 Metaspace       used 28436K, committed 28736K, reserved 1114112K
  class space    used 3442K, committed 3584K, reserved 1048576K
}
Event: 3.528 GC heap after
{Heap after GC invocations=5 (full 0):
 garbage-first heap   total 40960K, used 12519K [0x0000000082800000, 0x0000000100000000)
  region size 1024K, 3 young (3072K), 3 survivors (3072K)
 Metaspace       used 28436K, committed 28736K, reserved 1114112K
  class space    used 3442K, committed 3584K, reserved 1048576K
}

Dll operation events (11 events):
Event: 0.017 Loaded shared library C:\Program Files\Java\jdk-21\bin\java.dll
Event: 0.075 Loaded shared library C:\Program Files\Java\jdk-21\bin\jsvml.dll
Event: 0.283 Loaded shared library C:\Program Files\Java\jdk-21\bin\jimage.dll
Event: 0.314 Loaded shared library C:\Program Files\Java\jdk-21\bin\net.dll
Event: 0.316 Loaded shared library C:\Program Files\Java\jdk-21\bin\nio.dll
Event: 0.338 Loaded shared library C:\Program Files\Java\jdk-21\bin\zip.dll
Event: 0.497 Loaded shared library C:\Program Files\Java\jdk-21\bin\awt.dll
Event: 0.751 Loaded shared library C:\Program Files\Java\jdk-21\bin\freetype.dll
Event: 0.752 Loaded shared library C:\Program Files\Java\jdk-21\bin\fontmanager.dll
Event: 1.351 Loaded shared library C:\Program Files\Java\jdk-21\bin\verify.dll
Event: 3.115 Loaded shared library C:\Program Files\Java\jdk-21\bin\extnet.dll

Deoptimization events (20 events):
Event: 3.587 Thread 0x00000221054cda50 DEOPT PACKING pc=0x0000022170ecd76c sp=0x000000c07e5fc9a0
Event: 3.587 Thread 0x00000221054cda50 DEOPT UNPACKING pc=0x0000022178234e42 sp=0x000000c07e5fbe68 mode 1
Event: 3.587 Thread 0x00000221054cda50 DEOPT PACKING pc=0x0000022170ecd28c sp=0x000000c07e5fca30
Event: 3.587 Thread 0x00000221054cda50 DEOPT UNPACKING pc=0x0000022178234e42 sp=0x000000c07e5fbf08 mode 1
Event: 3.587 Thread 0x00000221054cda50 DEOPT PACKING pc=0x0000022171174f8c sp=0x000000c07e5fd160
Event: 3.587 Thread 0x00000221054cda50 DEOPT UNPACKING pc=0x0000022178234e42 sp=0x000000c07e5fc6c8 mode 1
Event: 3.587 Thread 0x00000221054cda50 DEOPT PACKING pc=0x0000022171174f8c sp=0x000000c07e5fd160
Event: 3.587 Thread 0x00000221054cda50 DEOPT UNPACKING pc=0x0000022178234e42 sp=0x000000c07e5fc6c8 mode 1
Event: 3.587 Thread 0x00000221054cda50 DEOPT PACKING pc=0x0000022171174f8c sp=0x000000c07e5fd160
Event: 3.587 Thread 0x00000221054cda50 DEOPT UNPACKING pc=0x0000022178234e42 sp=0x000000c07e5fc6c8 mode 1
Event: 3.587 Thread 0x00000221054cda50 DEOPT PACKING pc=0x0000022171174f8c sp=0x000000c07e5fd160
Event: 3.587 Thread 0x00000221054cda50 DEOPT UNPACKING pc=0x0000022178234e42 sp=0x000000c07e5fc6c8 mode 1
Event: 3.587 Thread 0x00000221054cda50 DEOPT PACKING pc=0x0000022171174f8c sp=0x000000c07e5fd160
Event: 3.587 Thread 0x00000221054cda50 DEOPT UNPACKING pc=0x0000022178234e42 sp=0x000000c07e5fc6c8 mode 1
Event: 3.588 Thread 0x00000221054cda50 DEOPT PACKING pc=0x0000022171174f8c sp=0x000000c07e5fd160
Event: 3.588 Thread 0x00000221054cda50 DEOPT UNPACKING pc=0x0000022178234e42 sp=0x000000c07e5fc6c8 mode 1
Event: 3.588 Thread 0x00000221054cda50 DEOPT PACKING pc=0x0000022171174f8c sp=0x000000c07e5fd160
Event: 3.588 Thread 0x00000221054cda50 DEOPT UNPACKING pc=0x0000022178234e42 sp=0x000000c07e5fc6c8 mode 1
Event: 3.588 Thread 0x00000221054cda50 DEOPT PACKING pc=0x0000022171174f8c sp=0x000000c07e5fd160
Event: 3.588 Thread 0x00000221054cda50 DEOPT UNPACKING pc=0x0000022178234e42 sp=0x000000c07e5fc6c8 mode 1

Classes loaded (20 events):
Event: 3.381 Loading class java/util/concurrent/CompletableFuture$AsynchronousCompletionTask done
Event: 3.381 Loading class java/util/concurrent/CompletableFuture$Completion done
Event: 3.461 Loading class java/util/concurrent/CopyOnWriteArraySet
Event: 3.462 Loading class java/util/concurrent/CopyOnWriteArraySet done
Event: 3.546 Loading class java/util/regex/Pattern$Loop
Event: 3.546 Loading class java/util/regex/Pattern$Loop done
Event: 3.546 Loading class java/util/regex/Pattern$Prolog
Event: 3.546 Loading class java/util/regex/Pattern$Prolog done
Event: 3.547 Loading class java/beans/Introspector
Event: 3.547 Loading class java/beans/Introspector done
Event: 3.547 Loading class java/beans/EventSetDescriptor
Event: 3.548 Loading class java/beans/FeatureDescriptor
Event: 3.548 Loading class java/beans/FeatureDescriptor done
Event: 3.548 Loading class java/beans/EventSetDescriptor done
Event: 3.548 Loading class java/beans/Introspector$1
Event: 3.548 Loading class jdk/internal/access/JavaBeansAccess
Event: 3.548 Loading class jdk/internal/access/JavaBeansAccess done
Event: 3.548 Loading class java/beans/Introspector$1 done
Event: 3.558 Loading class java/util/BitSet
Event: 3.558 Loading class java/util/BitSet done

Classes unloaded (0 events):
No events

Classes redefined (0 events):
No events

Internal exceptions (20 events):
Event: 1.150 Thread 0x00000221054cda50 Exception <a 'java/lang/NoSuchMethodError'{0x0000000089e84290}: 'void java.lang.invoke.DirectMethodHandle$Holder.invokeStaticInit(java.lang.Object)'> (0x0000000089e84290) 
thrown [s\open\src\hotspot\share\interpreter\linkResolver.cpp, line 773]
Event: 1.216 Thread 0x00000221054cda50 Exception <a 'java/lang/NoSuchMethodError'{0x0000000089c31000}: 'java.lang.ClassLoader java.lang.Class.getClassLoader(java.lang.Class)'> (0x0000000089c31000) 
thrown [s\open\src\hotspot\share\interpreter\linkResolver.cpp, line 773]
Event: 1.217 Thread 0x00000221054cda50 Exception <a 'java/lang/NoSuchMethodError'{0x0000000089c38918}: 'java.lang.Object java.lang.invoke.DirectMethodHandle$Holder.invokeStatic(java.lang.Object, java.lang.Object, int)'> (0x0000000089c38918) 
thrown [s\open\src\hotspot\share\interpreter\linkResolver.cpp, line 773]
Event: 1.218 Thread 0x00000221054cda50 Exception <a 'java/lang/NoSuchMethodError'{0x0000000089c435f8}: 'void java.lang.invoke.DelegatingMethodHandle$Holder.delegate(java.lang.Object, java.lang.Object, int, java.lang.Object)'> (0x0000000089c435f8) 
thrown [s\open\src\hotspot\share\interpreter\linkResolver.cpp, line 773]
Event: 1.219 Thread 0x00000221054cda50 Exception <a 'java/lang/NoSuchMethodError'{0x0000000089c47698}: 'int java.lang.invoke.DirectMethodHandle$Holder.invokeSpecial(java.lang.Object, java.lang.Object, java.lang.Object)'> (0x0000000089c47698) 
thrown [s\open\src\hotspot\share\interpreter\linkResolver.cpp, line 773]
Event: 1.541 Thread 0x00000221054cda50 Exception <a 'java/lang/NoSuchMethodError'{0x00000000895e0530}: 'int java.lang.invoke.DirectMethodHandle$Holder.invokeVirtual(java.lang.Object, java.lang.Object)'> (0x00000000895e0530) 
thrown [s\open\src\hotspot\share\interpreter\linkResolver.cpp, line 773]
Event: 1.719 Thread 0x00000221054cda50 Exception <a 'java/lang/NoSuchMethodError'{0x00000000891c4de0}: 'java.lang.Object java.lang.invoke.Invokers$Holder.invokeExact_MT(java.lang.Object, java.lang.Object, java.lang.Object, java.lang.Object, java.lang.Object)'> (0x00000000891c4de0) 
thrown [s\open\src\hotspot\share\interpreter\linkResolver.cpp, line 773]
Event: 1.743 Thread 0x00000221054cda50 Exception <a 'java/lang/NullPointerException'{0x0000000088f1b3b0}> (0x0000000088f1b3b0) 
thrown [s\open\src\hotspot\share\interpreter\linkResolver.cpp, line 1456]
Event: 1.819 Thread 0x00000221054cda50 Exception <a 'java/lang/NoSuchMethodError'{0x000000008a4807e8}: 'java.lang.Object java.lang.invoke.DirectMethodHandle$Holder.invokeInterface(java.lang.Object, java.lang.Object)'> (0x000000008a4807e8) 
thrown [s\open\src\hotspot\share\interpreter\linkResolver.cpp, line 773]
Event: 1.985 Thread 0x00000221054cda50 Exception <a 'java/lang/ClassNotFoundException'{0x000000008a1def48}: com/sun/org/apache/xerces/internal/impl/xpath/regex/spi/messageProvider> (0x000000008a1def48) 
thrown [s\open\src\hotspot\share\classfile\systemDictionary.cpp, line 312]
Event: 2.058 Thread 0x00000221054cda50 Exception <a 'java/lang/NoSuchMethodError'{0x000000008a058ed8}: 'void java.lang.invoke.Invokers$Holder.invokeExact_MT(java.lang.Object, java.lang.Object, java.lang.Object, java.lang.Object)'> (0x000000008a058ed8) 
thrown [s\open\src\hotspot\share\interpreter\linkResolver.cpp, line 773]
Event: 2.219 Thread 0x00000221054cda50 Exception <a 'java/lang/NoSuchMethodError'{0x0000000089e991f0}: 'java.lang.Object java.lang.invoke.DirectMethodHandle$Holder.invokeStaticInit(java.lang.Object, int, int, int, int)'> (0x0000000089e991f0) 
thrown [s\open\src\hotspot\share\interpreter\linkResolver.cpp, line 773]
Event: 2.242 Thread 0x00000221054cda50 Exception <a 'java/lang/NoSuchMethodError'{0x0000000089d236e8}: 'java.lang.Object java.lang.invoke.DirectMethodHandle$Holder.invokeStaticInit(java.lang.Object, java.lang.Object, int, int, int, int)'> (0x0000000089d236e8) 
thrown [s\open\src\hotspot\share\interpreter\linkResolver.cpp, line 773]
Event: 2.325 Thread 0x00000221054cda50 Exception <a 'java/lang/NoSuchMethodError'{0x0000000089bcb8a8}: 'java.lang.Object java.lang.invoke.Invokers$Holder.invokeExact_MT(java.lang.Object, java.lang.Object, java.lang.Object, java.lang.Object, java.lang.Object, java.lang.Object)'> (0x0000000089bcb8a8) 
thrown [s\open\src\hotspot\share\interpreter\linkResolver.cpp, line 773]
Event: 2.885 Thread 0x00000221054cda50 Implicit null exception at 0x00000221788595f3 to 0x00000221788597f4
Event: 2.966 Thread 0x00000221054cda50 Exception <a 'java/lang/NoSuchMethodError'{0x000000008a525e20}: 'void java.lang.invoke.DirectMethodHandle$Holder.invokeStatic(java.lang.Object, java.lang.Object)'> (0x000000008a525e20) 
thrown [s\open\src\hotspot\share\interpreter\linkResolver.cpp, line 773]
Event: 3.025 Thread 0x00000221054cda50 Exception <a 'java/lang/NoSuchMethodError'{0x00000000849d4378}: 'void java.lang.invoke.DirectMethodHandle$Holder.invokeStatic(java.lang.Object, java.lang.Object, java.lang.Object)'> (0x00000000849d4378) 
thrown [s\open\src\hotspot\share\interpreter\linkResolver.cpp, line 773]
Event: 3.027 Thread 0x00000221054cda50 Exception <a 'java/lang/NoSuchMethodError'{0x00000000849dd330}: 'java.lang.Object java.lang.invoke.DirectMethodHandle$Holder.invokeVirtual(java.lang.Object, java.lang.Object, java.lang.Object)'> (0x00000000849dd330) 
thrown [s\open\src\hotspot\share\interpreter\linkResolver.cpp, line 773]
Event: 3.357 Thread 0x00000221054cda50 Exception <a 'java/lang/NoSuchMethodError'{0x0000000083df87f8}: 'java.lang.Object java.lang.invoke.DirectMethodHandle$Holder.newInvokeSpecial(java.lang.Object, java.lang.Object, int, java.lang.Object, java.lang.Object)'> (0x0000000083df87f8) 
thrown [s\open\src\hotspot\share\interpreter\linkResolver.cpp, line 773]
Event: 3.368 Thread 0x00000221054cda50 Exception <a 'java/lang/NoSuchMethodError'{0x0000000083c7e9f8}: 'int java.lang.invoke.DirectMethodHandle$Holder.invokeStatic(java.lang.Object, java.lang.Object, java.lang.Object, java.lang.Object)'> (0x0000000083c7e9f8) 
thrown [s\open\src\hotspot\share\interpreter\linkResolver.cpp, line 773]

ZGC Phase Switch (0 events):
No events

VM Operations (20 events):
Event: 1.776 Executing VM operation: G1CollectForAllocation (G1 Evacuation Pause)
Event: 1.783 Executing VM operation: G1CollectForAllocation (G1 Evacuation Pause) done
Event: 2.133 Executing VM operation: HandshakeAllThreads (Deoptimize)
Event: 2.133 Executing VM operation: HandshakeAllThreads (Deoptimize) done
Event: 2.182 Executing VM operation: HandshakeAllThreads (Deoptimize)
Event: 2.182 Executing VM operation: HandshakeAllThreads (Deoptimize) done
Event: 2.474 Executing VM operation: ICBufferFull
Event: 2.474 Executing VM operation: ICBufferFull done
Event: 2.774 Executing VM operation: G1CollectForAllocation (G1 Evacuation Pause)
Event: 2.780 Executing VM operation: G1CollectForAllocation (G1 Evacuation Pause) done
Event: 2.944 Executing VM operation: CollectForMetadataAllocation (Metadata GC Threshold)
Event: 2.948 Executing VM operation: CollectForMetadataAllocation (Metadata GC Threshold) done
Event: 2.955 Executing VM operation: G1PauseRemark
Event: 2.958 Executing VM operation: G1PauseRemark done
Event: 2.960 Executing VM operation: G1PauseCleanup
Event: 2.962 Executing VM operation: G1PauseCleanup done
Event: 3.151 Executing VM operation: HandshakeAllThreads (Deoptimize)
Event: 3.151 Executing VM operation: HandshakeAllThreads (Deoptimize) done
Event: 3.522 Executing VM operation: G1CollectForAllocation (G1 Evacuation Pause)
Event: 3.530 Executing VM operation: G1CollectForAllocation (G1 Evacuation Pause) done

Events (20 events):
Event: 0.113 Thread 0x000002210545f580 Thread added: 0x000002210545f580
Event: 0.113 Thread 0x0000022105466c80 Thread added: 0x0000022105466c80
Event: 0.114 Thread 0x000002210546a000 Thread added: 0x000002210546a000
Event: 0.229 Thread 0x000002210546bed0 Thread added: 0x000002210546bed0
Event: 0.236 Thread 0x000002210547b960 Thread added: 0x000002210547b960
Event: 0.407 Thread 0x00000221054cda50 Thread added: 0x00000221054cda50
Event: 0.606 Thread 0x000002214b0100a0 Thread added: 0x000002214b0100a0
Event: 0.609 Thread 0x000002214b012690 Thread added: 0x000002214b012690
Event: 0.611 Thread 0x00000221056fd430 Thread added: 0x00000221056fd430
Event: 0.832 Thread 0x00000221054cda50 Thread exited: 0x00000221054cda50
Event: 0.841 Thread 0x00000221054cda50 Thread added: 0x00000221054cda50
Event: 0.842 Thread 0x00000221667a4440 Thread exited: 0x00000221667a4440
Event: 0.842 Thread 0x00000221667a4440 Thread added: 0x00000221667a4440
Event: 1.076 Thread 0x000002214b0a6140 Thread added: 0x000002214b0a6140
Event: 1.348 Thread 0x000002214b6346d0 Thread added: 0x000002214b6346d0
Event: 1.775 Thread 0x000002214b6346d0 Thread exited: 0x000002214b6346d0
Event: 2.237 Thread 0x000002214c4e3d70 Thread added: 0x000002214c4e3d70
Event: 2.470 Thread 0x000002214c7a7540 Thread added: 0x000002214c7a7540
Event: 2.967 Thread 0x000002214cf05820 Thread added: 0x000002214cf05820
Event: 3.223 Thread 0x000002214cc5bd00 Thread added: 0x000002214cc5bd00


Dynamic libraries:
0x00007ff7d1b40000 - 0x00007ff7d1b50000 	C:\Program Files\Java\jdk-21\bin\java.exe
0x00007ffaee710000 - 0x00007ffaee926000 	C:\Windows\SYSTEM32\ntdll.dll
0x00007ffaeca60000 - 0x00007ffaecb24000 	C:\Windows\System32\KERNEL32.DLL
0x00007ffaebb20000 - 0x00007ffaebec6000 	C:\Windows\System32\KERNELBASE.dll
0x00007ffaec280000 - 0x00007ffaec391000 	C:\Windows\System32\ucrtbase.dll
0x00007ffae8780000 - 0x00007ffae8799000 	C:\Program Files\Java\jdk-21\bin\jli.dll
0x00007ffaedb70000 - 0x00007ffaedc22000 	C:\Windows\System32\ADVAPI32.dll
0x00007ffaec460000 - 0x00007ffaec507000 	C:\Windows\System32\msvcrt.dll
0x00007ffaed200000 - 0x00007ffaed2a8000 	C:\Windows\System32\sechost.dll
0x00007ffaeba50000 - 0x00007ffaeba78000 	C:\Windows\System32\bcrypt.dll
0x00007ffaec8d0000 - 0x00007ffaec9e5000 	C:\Windows\System32\RPCRT4.dll
0x00007ffaedc30000 - 0x00007ffaedddd000 	C:\Windows\System32\USER32.dll
0x00007ffaec250000 - 0x00007ffaec276000 	C:\Windows\System32\win32u.dll
0x00007ffaeccf0000 - 0x00007ffaecd19000 	C:\Windows\System32\GDI32.dll
0x00007ffaec130000 - 0x00007ffaec248000 	C:\Windows\System32\gdi32full.dll
0x00007ffaeba80000 - 0x00007ffaebb1a000 	C:\Windows\System32\msvcp_win.dll
0x00007ffae8730000 - 0x00007ffae874b000 	C:\Program Files\Java\jdk-21\bin\VCRUNTIME140.dll
0x00007ffad3560000 - 0x00007ffad37f3000 	C:\Windows\WinSxS\amd64_microsoft.windows.common-controls_6595b64144ccf1df_6.0.22621.3235_none_270f74e173860f98\COMCTL32.dll
0x00007ffae44d0000 - 0x00007ffae44da000 	C:\Windows\SYSTEM32\VERSION.dll
0x00007ffaeca20000 - 0x00007ffaeca51000 	C:\Windows\System32\IMM32.DLL
0x00007ffae8810000 - 0x00007ffae881c000 	C:\Program Files\Java\jdk-21\bin\vcruntime140_1.dll
0x00007ffad9430000 - 0x00007ffad94be000 	C:\Program Files\Java\jdk-21\bin\msvcp140.dll
0x00007ffa95360000 - 0x00007ffa96077000 	C:\Program Files\Java\jdk-21\bin\server\jvm.dll
0x00007ffaec750000 - 0x00007ffaec7c1000 	C:\Windows\System32\WS2_32.dll
0x00007ffaea8e0000 - 0x00007ffaea92d000 	C:\Windows\SYSTEM32\POWRPROF.dll
0x00007ffae4e60000 - 0x00007ffae4e94000 	C:\Windows\SYSTEM32\WINMM.dll
0x00007ffaea8c0000 - 0x00007ffaea8d3000 	C:\Windows\SYSTEM32\UMPDC.dll
0x00007ffaeab80000 - 0x00007ffaeab98000 	C:\Windows\SYSTEM32\kernel.appcore.dll
0x00007ffae87c0000 - 0x00007ffae87ca000 	C:\Program Files\Java\jdk-21\bin\jimage.dll
0x00007ffae9550000 - 0x00007ffae9783000 	C:\Windows\SYSTEM32\DBGHELP.DLL
0x00007ffaecd80000 - 0x00007ffaed108000 	C:\Windows\System32\combase.dll
0x00007ffaedde0000 - 0x00007ffaedeb7000 	C:\Windows\System32\OLEAUT32.dll
0x00007ffacee00000 - 0x00007ffacee32000 	C:\Windows\SYSTEM32\dbgcore.DLL
0x00007ffaebed0000 - 0x00007ffaebf4a000 	C:\Windows\System32\bcryptPrimitives.dll
0x00007ffab9030000 - 0x00007ffab906c000 	C:\Program Files\Java\jdk-21\bin\jdwp.dll
0x00007ffae6220000 - 0x00007ffae623f000 	C:\Program Files\Java\jdk-21\bin\java.dll
0x00007ffaed2b0000 - 0x00007ffaedb0d000 	C:\Windows\System32\SHELL32.dll
0x00007ffae99c0000 - 0x00007ffaea2b8000 	C:\Windows\SYSTEM32\windows.storage.dll
0x00007ffae9880000 - 0x00007ffae99be000 	C:\Windows\SYSTEM32\wintypes.dll
0x00007ffaecbf0000 - 0x00007ffaecce3000 	C:\Windows\System32\SHCORE.dll
0x00007ffaecd20000 - 0x00007ffaecd7e000 	C:\Windows\System32\shlwapi.dll
0x00007ffaeb980000 - 0x00007ffaeb9a6000 	C:\Windows\SYSTEM32\profapi.dll
0x00007ffad8c60000 - 0x00007ffad8d37000 	C:\Program Files\Java\jdk-21\bin\jsvml.dll
0x00007ffae5f70000 - 0x00007ffae5f7c000 	C:\Program Files\Java\jdk-21\bin\dt_socket.dll
0x00007ffaea590000 - 0x00007ffaea5bd000 	C:\Windows\SYSTEM32\IPHLPAPI.DLL
0x00007ffaeb000000 - 0x00007ffaeb069000 	C:\Windows\system32\mswsock.dll
0x00007ffae8080000 - 0x00007ffae8090000 	C:\Program Files\Java\jdk-21\bin\net.dll
0x00007ffae5560000 - 0x00007ffae5697000 	C:\Windows\SYSTEM32\WINHTTP.dll
0x00007ffae4fe0000 - 0x00007ffae4ff6000 	C:\Program Files\Java\jdk-21\bin\nio.dll
0x00007ffae4fc0000 - 0x00007ffae4fd8000 	C:\Program Files\Java\jdk-21\bin\zip.dll
0x00007ffabe420000 - 0x00007ffabe5af000 	C:\Program Files\Java\jdk-21\bin\awt.dll
0x00007ffae8a20000 - 0x00007ffae8ab7000 	C:\Windows\SYSTEM32\apphelp.dll
0x00007ffae8b20000 - 0x00007ffae8bcb000 	C:\Windows\system32\uxtheme.dll
0x00007ffaee570000 - 0x00007ffaee6c4000 	C:\Windows\System32\MSCTF.dll
0x00007ffaedec0000 - 0x00007ffaee05f000 	C:\Windows\System32\ole32.dll
0x00007ffae8da0000 - 0x00007ffae8dcb000 	C:\Windows\system32\DWMAPI.DLL
0x00007ffad8b50000 - 0x00007ffad8bd7000 	C:\Program Files\Java\jdk-21\bin\freetype.dll
0x00007ffad89a0000 - 0x00007ffad8a82000 	C:\Program Files\Java\jdk-21\bin\fontmanager.dll
0x00007ffaca7c0000 - 0x00007ffaca8c0000 	C:\Windows\system32\opengl32.dll
0x00007ffad2c40000 - 0x00007ffad2c6d000 	C:\Windows\SYSTEM32\GLU32.dll
0x00007ffae8e10000 - 0x00007ffae8e49000 	C:\Windows\SYSTEM32\dxcore.dll
0x00007ffae7e10000 - 0x00007ffae7e20000 	C:\Program Files\Java\jdk-21\bin\verify.dll
0x00007ffaeb250000 - 0x00007ffaeb26b000 	C:\Windows\SYSTEM32\CRYPTSP.dll
0x00007ffaeaae0000 - 0x00007ffaeab15000 	C:\Windows\system32\rsaenh.dll
0x00007ffaeb0f0000 - 0x00007ffaeb11c000 	C:\Windows\SYSTEM32\USERENV.dll
0x00007ffaeb270000 - 0x00007ffaeb27c000 	C:\Windows\SYSTEM32\CRYPTBASE.dll
0x00007ffaed160000 - 0x00007ffaed169000 	C:\Windows\System32\NSI.dll
0x00007ffaea600000 - 0x00007ffaea6f9000 	C:\Windows\SYSTEM32\DNSAPI.dll
0x00007ffae34b0000 - 0x00007ffae34ba000 	C:\Windows\System32\rasadhlp.dll
0x00007ffae4b60000 - 0x00007ffae4be3000 	C:\Windows\System32\fwpuclnt.dll
0x00007ffae5f60000 - 0x00007ffae5f69000 	C:\Program Files\Java\jdk-21\bin\extnet.dll

dbghelp: loaded successfully - version: 4.0.5 - missing functions: none
symbol engine: initialized successfully - sym options: 0x614 - pdb path: .;C:\Program Files\Java\jdk-21\bin;C:\Windows\SYSTEM32;C:\Windows\WinSxS\amd64_microsoft.windows.common-controls_6595b64144ccf1df_6.0.22621.3235_none_270f74e173860f98;C:\Program Files\Java\jdk-21\bin\server

VM Arguments:
jvm_args: -agentlib:jdwp=transport=dt_socket,server=n,address=60644 
java_command: GUI.MainGUI
java_class_path (initial): C:\SGU\Nam3_HK2\MoHinhPhanLop\BaiTapLon2\QuanLyThanhVien\target\classes;C:\Users\ASUS\.m2\repository\org\hibernate\hibernate-core\5.6.14.Final\hibernate-core-5.6.14.Final.jar;C:\Users\ASUS\.m2\repository\org\jboss\logging\jboss-logging\3.4.3.Final\jboss-logging-3.4.3.Final.jar;C:\Users\ASUS\.m2\repository\net\bytebuddy\byte-buddy\1.12.18\byte-buddy-1.12.18.jar;C:\Users\ASUS\.m2\repository\antlr\antlr\2.7.7\antlr-2.7.7.jar;C:\Users\ASUS\.m2\repository\org\jboss\spec\javax\transaction\jboss-transaction-api_1.2_spec\1.1.1.Final\jboss-transaction-api_1.2_spec-1.1.1.Final.jar;C:\Users\ASUS\.m2\repository\org\jboss\jandex\2.4.2.Final\jandex-2.4.2.Final.jar;C:\Users\ASUS\.m2\repository\com\fasterxml\classmate\1.5.1\classmate-1.5.1.jar;C:\Users\ASUS\.m2\repository\javax\activation\javax.activation-api\1.2.0\javax.activation-api-1.2.0.jar;C:\Users\ASUS\.m2\repository\org\hibernate\common\hibernate-commons-annotations\5.1.2.Final\hibernate-commons-annotations-5.1.2.Final.jar;C:\Users\ASUS\.m2\repository\javax\xml\bind\jaxb-api\2.3.1\jaxb-api-2.3.1.jar;C:\Users\ASUS\.m2\repository\org\glassfish\jaxb\jaxb-runtime\2.3.1\jaxb-runtime-2.3.1.jar;C:\Users\ASUS\.m2\repository\org\glassfish\jaxb\txw2\2.3.1\txw2-2.3.1.jar;C:\Users\ASUS\.m2\repository\com\sun\istack\istack-commons-runtime\3.0.7\istack-commons-runtime-3.0.7.jar;C:\Users\ASUS\.m2\repository\org\jvnet\staxex\stax-ex\1.8\stax-ex-1.8.jar;C:\Users\ASUS\.m2\repository\com\sun\xml\fastinfoset\FastInfoset\1.2.15\FastInfoset-1.2.15.jar;C:\Users\ASUS\.m2\repository\mysql\mysql-connector-java\8.0.28\mysql-connector-java-8.0.28.jar;C:\Users\ASUS\.m2\repository\com\google\protobuf\protobuf-java\3.11.4\protobuf-java-3.11.4.jar;C:\Users\ASUS\.m2\repository\javax\persistence\javax.persistence-api\2.2\javax.persistence-api-2.2.jar
Launcher Type: SUN_STANDARD

[Global flags]
     intx CICompilerCount                          = 4                                         {product} {ergonomic}
     uint ConcGCThreads                            = 2                                         {product} {ergonomic}
     uint G1ConcRefinementThreads                  = 8                                         {product} {ergonomic}
   size_t G1HeapRegionSize                         = 1048576                                   {product} {ergonomic}
    uintx GCDrainStackTargetSize                   = 64                                        {product} {ergonomic}
   size_t InitialHeapSize                          = 132120576                                 {product} {ergonomic}
   size_t MarkStackSize                            = 4194304                                   {product} {ergonomic}
   size_t MaxHeapSize                              = 2105540608                                {product} {ergonomic}
   size_t MaxNewSize                               = 1262485504                                {product} {ergonomic}
   size_t MinHeapDeltaBytes                        = 1048576                                   {product} {ergonomic}
   size_t MinHeapSize                              = 8388608                                   {product} {ergonomic}
    uintx NonNMethodCodeHeapSize                   = 5839372                                {pd product} {ergonomic}
    uintx NonProfiledCodeHeapSize                  = 122909434                              {pd product} {ergonomic}
    uintx ProfiledCodeHeapSize                     = 122909434                              {pd product} {ergonomic}
    uintx ReservedCodeCacheSize                    = 251658240                              {pd product} {ergonomic}
     bool SegmentedCodeCache                       = true                                      {product} {ergonomic}
   size_t SoftMaxHeapSize                          = 2105540608                             {manageable} {ergonomic}
     bool UseCompressedOops                        = true                           {product lp64_product} {ergonomic}
     bool UseG1GC                                  = true                                      {product} {ergonomic}
     bool UseLargePagesIndividualAllocation        = false                                  {pd product} {ergonomic}

Logging:
Log output configuration:
 #0: stdout all=warning uptime,level,tags foldmultilines=false
 #1: stderr all=off uptime,level,tags foldmultilines=false

Environment Variables:
JAVA_HOME=C:\Program Files\Java\jdk-21
PATH=C:\Program Files (x86)\VMware\VMware Workstation\bin\;C:\Program Files\Common Files\Oracle\Java\javapath;C:\Windows\system32;C:\Windows;C:\Windows\System32\Wbem;C:\Windows\System32\WindowsPowerShell\v1.0\;C:\Windows\System32\OpenSSH\;C:\Program Files (x86)\NVIDIA Corporation\PhysX\Common;C:\Program Files\NVIDIA Corporation\NVIDIA NvDLISR;C:\Program Files\dotnet\;C:\Program Files (x86)\Microsoft SQL Server\160\Tools\Binn\;C:\Program Files\Microsoft SQL Server\160\Tools\Binn\;C:\Program Files\Microsoft SQL Server\Client SDK\ODBC\170\Tools\Binn\;C:\Program Files\Microsoft SQL Server\160\DTS\Binn\;C:\Program Files (x86)\Microsoft SQL Server\160\DTS\Binn\;C:\Program Files\Azure Data Studio\bin;C:\SGU\APP\GIT\Git\cmd;C:\Users\ASUS\AppData\Local\Programs\Python\Python312\Scripts\;C:\Users\ASUS\AppData\Local\Programs\Python\Python312\;C:\Users\ASUS\AppData\Local\Programs\Python\Launcher\;C:\Users\ASUS\AppData\Local\Microsoft\WindowsApps;C:\SGU\APP\Microsoft VS Code\bin;C:\Program Files\Azure Data Studio\bin;C:\SGU\APP\MSYS2\mingw64\bin;
USERNAME=ASUS
OS=Windows_NT
PROCESSOR_IDENTIFIER=Intel64 Family 6 Model 165 Stepping 2, GenuineIntel
TMP=C:\Users\ASUS\AppData\Local\Temp
TEMP=C:\Users\ASUS\AppData\Local\Temp




Periodic native trim disabled

---------------  S Y S T E M  ---------------

OS:
 Windows 11 , 64 bit Build 22621 (10.0.22621.3235)
OS uptime: 6 days 8:51 hours

CPU: total 8 (initial active 8) (4 cores per cpu, 2 threads per core) family 6 model 165 stepping 2 microcode 0xe0, cx8, cmov, fxsr, ht, mmx, 3dnowpref, sse, sse2, sse3, ssse3, sse4.1, sse4.2, popcnt, lzcnt, tsc, tscinvbit, avx, avx2, aes, erms, clmul, bmi1, bmi2, adx, fma, vzeroupper, clflush, clflushopt, rdtscp, f16c, pku
Processor Information for all 8 processors :
  Max Mhz: 2496, Current Mhz: 2496, Mhz Limit: 2496

Memory: 4k page, system-wide physical 8029M (569M free)
TotalPageFile size 32605M (AvailPageFile size 5M)
current process WorkingSet (physical memory assigned to process): 159M, peak: 164M
current process commit charge ("private bytes"): 201M, peak: 268M

vm_info: Java HotSpot(TM) 64-Bit Server VM (21.0.2+13-LTS-58) for windows-amd64 JRE (21.0.2+13-LTS-58), built on 2024-01-05T18:32:24Z by "mach5one" with MS VC++ 17.1 (VS2022)

END.
